INFO - 2023-10-01 02:58:50 --> Session: Class initialized using 'CodeIgniter\Session\Handlers\FileHandler' driver.
INFO - 2023-10-01 03:33:24 --> Session: Class initialized using 'CodeIgniter\Session\Handlers\FileHandler' driver.
INFO - 2023-10-01 04:23:13 --> Session: Class initialized using 'CodeIgniter\Session\Handlers\FileHandler' driver.
INFO - 2023-10-01 04:24:31 --> Session: Class initialized using 'CodeIgniter\Session\Handlers\FileHandler' driver.
INFO - 2023-10-01 04:25:00 --> Session: Class initialized using 'CodeIgniter\Session\Handlers\FileHandler' driver.
INFO - 2023-10-01 04:25:06 --> Session: Class initialized using 'CodeIgniter\Session\Handlers\FileHandler' driver.
INFO - 2023-10-01 04:25:07 --> Session: Class initialized using 'CodeIgniter\Session\Handlers\FileHandler' driver.
INFO - 2023-10-01 04:25:58 --> Session: Class initialized using 'CodeIgniter\Session\Handlers\FileHandler' driver.
INFO - 2023-10-01 04:26:41 --> Session: Class initialized using 'CodeIgniter\Session\Handlers\FileHandler' driver.
INFO - 2023-10-01 04:27:40 --> Session: Class initialized using 'CodeIgniter\Session\Handlers\FileHandler' driver.
INFO - 2023-10-01 04:29:08 --> Session: Class initialized using 'CodeIgniter\Session\Handlers\FileHandler' driver.
INFO - 2023-10-01 04:29:15 --> Session: Class initialized using 'CodeIgniter\Session\Handlers\FileHandler' driver.
INFO - 2023-10-01 04:31:09 --> Session: Class initialized using 'CodeIgniter\Session\Handlers\FileHandler' driver.
INFO - 2023-10-01 04:31:16 --> Session: Class initialized using 'CodeIgniter\Session\Handlers\FileHandler' driver.
INFO - 2023-10-01 04:32:07 --> Session: Class initialized using 'CodeIgniter\Session\Handlers\FileHandler' driver.
INFO - 2023-10-01 04:33:27 --> Session: Class initialized using 'CodeIgniter\Session\Handlers\FileHandler' driver.
INFO - 2023-10-01 04:34:01 --> Session: Class initialized using 'CodeIgniter\Session\Handlers\FileHandler' driver.
INFO - 2023-10-01 04:34:41 --> Session: Class initialized using 'CodeIgniter\Session\Handlers\FileHandler' driver.
INFO - 2023-10-01 04:35:05 --> Session: Class initialized using 'CodeIgniter\Session\Handlers\FileHandler' driver.
INFO - 2023-10-01 04:38:00 --> Session: Class initialized using 'CodeIgniter\Session\Handlers\FileHandler' driver.
INFO - 2023-10-01 04:38:55 --> Session: Class initialized using 'CodeIgniter\Session\Handlers\FileHandler' driver.
INFO - 2023-10-01 04:39:18 --> Session: Class initialized using 'CodeIgniter\Session\Handlers\FileHandler' driver.
INFO - 2023-10-01 04:40:12 --> Session: Class initialized using 'CodeIgniter\Session\Handlers\FileHandler' driver.
INFO - 2023-10-01 04:46:44 --> Session: Class initialized using 'CodeIgniter\Session\Handlers\FileHandler' driver.
INFO - 2023-10-01 04:47:14 --> Session: Class initialized using 'CodeIgniter\Session\Handlers\FileHandler' driver.
INFO - 2023-10-01 04:47:27 --> Session: Class initialized using 'CodeIgniter\Session\Handlers\FileHandler' driver.
INFO - 2023-10-01 05:24:35 --> Session: Class initialized using 'CodeIgniter\Session\Handlers\FileHandler' driver.
ERROR - 2023-10-01 05:24:38 --> mysqli_sql_exception: Table 'sipt.tbl_produk' doesn't exist in C:\xampp8-1\htdocs\sipt\system\Database\MySQLi\Connection.php:295
Stack trace:
#0 C:\xampp8-1\htdocs\sipt\system\Database\MySQLi\Connection.php(295): mysqli->query('SELECT *\nFROM `...', 0)
#1 C:\xampp8-1\htdocs\sipt\system\Database\BaseConnection.php(692): CodeIgniter\Database\MySQLi\Connection->execute('SELECT *\nFROM `...')
#2 C:\xampp8-1\htdocs\sipt\system\Database\BaseConnection.php(606): CodeIgniter\Database\BaseConnection->simpleQuery('SELECT *\nFROM `...')
#3 C:\xampp8-1\htdocs\sipt\system\Database\BaseBuilder.php(1616): CodeIgniter\Database\BaseConnection->query('SELECT *\nFROM `...', Array, false)
#4 C:\xampp8-1\htdocs\sipt\system\Model.php(241): CodeIgniter\Database\BaseBuilder->get()
#5 C:\xampp8-1\htdocs\sipt\system\BaseModel.php(618): CodeIgniter\Model->doFindAll(0, 0)
#6 C:\xampp8-1\htdocs\sipt\app\Controllers\ProdukController.php(24): CodeIgniter\BaseModel->findAll()
#7 C:\xampp8-1\htdocs\sipt\system\CodeIgniter.php(934): App\Controllers\ProdukController->index()
#8 C:\xampp8-1\htdocs\sipt\system\CodeIgniter.php(499): CodeIgniter\CodeIgniter->runController(Object(App\Controllers\ProdukController))
#9 C:\xampp8-1\htdocs\sipt\system\CodeIgniter.php(368): CodeIgniter\CodeIgniter->handleRequest(NULL, Object(Config\Cache), false)
#10 C:\xampp8-1\htdocs\sipt\public\index.php(67): CodeIgniter\CodeIgniter->run()
#11 C:\xampp8-1\htdocs\sipt\system\Commands\Server\rewrite.php(47): require_once('C:\\xampp8-1\\htd...')
#12 {main}
CRITICAL - 2023-10-01 05:24:38 --> Table 'sipt.tbl_produk' doesn't exist
in SYSTEMPATH\Database\MySQLi\Connection.php on line 295.
 1 SYSTEMPATH\Database\MySQLi\Connection.php(295): mysqli->query('SELECT *
FROM `tbl_produk`', 0)
 2 SYSTEMPATH\Database\BaseConnection.php(692): CodeIgniter\Database\MySQLi\Connection->execute('SELECT *
FROM `tbl_produk`')
 3 SYSTEMPATH\Database\BaseConnection.php(606): CodeIgniter\Database\BaseConnection->simpleQuery('SELECT *
FROM `tbl_produk`')
 4 SYSTEMPATH\Database\BaseBuilder.php(1616): CodeIgniter\Database\BaseConnection->query('SELECT *
FROM `tbl_produk`', [], false)
 5 SYSTEMPATH\Model.php(241): CodeIgniter\Database\BaseBuilder->get()
 6 SYSTEMPATH\BaseModel.php(618): CodeIgniter\Model->doFindAll(0, 0)
 7 APPPATH\Controllers\ProdukController.php(24): CodeIgniter\BaseModel->findAll()
 8 SYSTEMPATH\CodeIgniter.php(934): App\Controllers\ProdukController->index()
 9 SYSTEMPATH\CodeIgniter.php(499): CodeIgniter\CodeIgniter->runController(Object(App\Controllers\ProdukController))
10 SYSTEMPATH\CodeIgniter.php(368): CodeIgniter\CodeIgniter->handleRequest(null, Object(Config\Cache), false)
11 FCPATH\index.php(67): CodeIgniter\CodeIgniter->run()
12 SYSTEMPATH\Commands\Server\rewrite.php(47): require_once('C:\\xampp8-1\\htdocs\\sipt\\public\\index.php')
INFO - 2023-10-01 05:24:55 --> Session: Class initialized using 'CodeIgniter\Session\Handlers\FileHandler' driver.
INFO - 2023-10-01 05:25:01 --> Session: Class initialized using 'CodeIgniter\Session\Handlers\FileHandler' driver.
INFO - 2023-10-01 05:25:52 --> Session: Class initialized using 'CodeIgniter\Session\Handlers\FileHandler' driver.
INFO - 2023-10-01 05:26:46 --> Session: Class initialized using 'CodeIgniter\Session\Handlers\FileHandler' driver.
INFO - 2023-10-01 05:27:27 --> Session: Class initialized using 'CodeIgniter\Session\Handlers\FileHandler' driver.
INFO - 2023-10-01 05:27:56 --> Session: Class initialized using 'CodeIgniter\Session\Handlers\FileHandler' driver.
CRITICAL - 2023-10-01 05:28:12 --> Call to a member function getError() on null
in APPPATH\Controllers\ProdukController.php on line 48.
 1 SYSTEMPATH\CodeIgniter.php(934): App\Controllers\ProdukController->save()
 2 SYSTEMPATH\CodeIgniter.php(499): CodeIgniter\CodeIgniter->runController(Object(App\Controllers\ProdukController))
 3 SYSTEMPATH\CodeIgniter.php(368): CodeIgniter\CodeIgniter->handleRequest(null, Object(Config\Cache), false)
 4 FCPATH\index.php(67): CodeIgniter\CodeIgniter->run()
 5 SYSTEMPATH\Commands\Server\rewrite.php(47): require_once('C:\\xampp8-1\\htdocs\\sipt\\public\\index.php')
INFO - 2023-10-01 05:28:40 --> Session: Class initialized using 'CodeIgniter\Session\Handlers\FileHandler' driver.
INFO - 2023-10-01 05:28:43 --> Session: Class initialized using 'CodeIgniter\Session\Handlers\FileHandler' driver.
INFO - 2023-10-01 05:29:01 --> Session: Class initialized using 'CodeIgniter\Session\Handlers\FileHandler' driver.
INFO - 2023-10-01 05:29:02 --> Session: Class initialized using 'CodeIgniter\Session\Handlers\FileHandler' driver.
INFO - 2023-10-01 05:29:11 --> Session: Class initialized using 'CodeIgniter\Session\Handlers\FileHandler' driver.
INFO - 2023-10-01 05:29:32 --> Session: Class initialized using 'CodeIgniter\Session\Handlers\FileHandler' driver.
INFO - 2023-10-01 05:29:50 --> Session: Class initialized using 'CodeIgniter\Session\Handlers\FileHandler' driver.
INFO - 2023-10-01 06:53:14 --> Session: Class initialized using 'CodeIgniter\Session\Handlers\FileHandler' driver.
INFO - 2023-10-01 06:53:25 --> Session: Class initialized using 'CodeIgniter\Session\Handlers\FileHandler' driver.
CRITICAL - 2023-10-01 06:53:27 --> Trying to access array offset on value of type null
in APPPATH\Views\produk\edit.php on line 25.
 1 APPPATH\Views\produk\edit.php(25): CodeIgniter\Debug\Exceptions->errorHandler(2, 'Trying to access array offset on value of type null', 'C:\\xampp8-1\\htdocs\\sipt\\app\\Views\\produk\\edit.php', 25)
 2 SYSTEMPATH\View\View.php(213): include('C:\\xampp8-1\\htdocs\\sipt\\app\\Views\\produk\\edit.php')
 3 SYSTEMPATH\View\View.php(216): CodeIgniter\View\View->CodeIgniter\View\{closure}()
 4 SYSTEMPATH\Common.php(1184): CodeIgniter\View\View->render('produk/edit', [], true)
 5 APPPATH\Controllers\ProdukController.php(65): view('produk/edit', [...])
 6 SYSTEMPATH\CodeIgniter.php(934): App\Controllers\ProdukController->edit('assets', 'libs', 'choices.js', 'public', 'assets', 'scripts', 'choices.min.js')
 7 SYSTEMPATH\CodeIgniter.php(499): CodeIgniter\CodeIgniter->runController(Object(App\Controllers\ProdukController))
 8 SYSTEMPATH\CodeIgniter.php(368): CodeIgniter\CodeIgniter->handleRequest(null, Object(Config\Cache), false)
 9 FCPATH\index.php(67): CodeIgniter\CodeIgniter->run()
10 SYSTEMPATH\Commands\Server\rewrite.php(47): require_once('C:\\xampp8-1\\htdocs\\sipt\\public\\index.php')
CRITICAL - 2023-10-01 06:53:28 --> Trying to access array offset on value of type null
in APPPATH\Views\produk\edit.php on line 25.
 1 APPPATH\Views\produk\edit.php(25): CodeIgniter\Debug\Exceptions->errorHandler(2, 'Trying to access array offset on value of type null', 'C:\\xampp8-1\\htdocs\\sipt\\app\\Views\\produk\\edit.php', 25)
 2 SYSTEMPATH\View\View.php(213): include('C:\\xampp8-1\\htdocs\\sipt\\app\\Views\\produk\\edit.php')
 3 SYSTEMPATH\View\View.php(216): CodeIgniter\View\View->CodeIgniter\View\{closure}()
 4 SYSTEMPATH\Common.php(1184): CodeIgniter\View\View->render('produk/edit', [], true)
 5 APPPATH\Controllers\ProdukController.php(65): view('produk/edit', [...])
 6 SYSTEMPATH\CodeIgniter.php(934): App\Controllers\ProdukController->edit('assets', 'libs', 'flatpickr', 'flatpickr.min.js')
 7 SYSTEMPATH\CodeIgniter.php(499): CodeIgniter\CodeIgniter->runController(Object(App\Controllers\ProdukController))
 8 SYSTEMPATH\CodeIgniter.php(368): CodeIgniter\CodeIgniter->handleRequest(null, Object(Config\Cache), false)
 9 FCPATH\index.php(67): CodeIgniter\CodeIgniter->run()
10 SYSTEMPATH\Commands\Server\rewrite.php(47): require_once('C:\\xampp8-1\\htdocs\\sipt\\public\\index.php')
CRITICAL - 2023-10-01 06:53:29 --> Trying to access array offset on value of type null
in APPPATH\Views\produk\edit.php on line 25.
 1 APPPATH\Views\produk\edit.php(25): CodeIgniter\Debug\Exceptions->errorHandler(2, 'Trying to access array offset on value of type null', 'C:\\xampp8-1\\htdocs\\sipt\\app\\Views\\produk\\edit.php', 25)
 2 SYSTEMPATH\View\View.php(213): include('C:\\xampp8-1\\htdocs\\sipt\\app\\Views\\produk\\edit.php')
 3 SYSTEMPATH\View\View.php(216): CodeIgniter\View\View->CodeIgniter\View\{closure}()
 4 SYSTEMPATH\Common.php(1184): CodeIgniter\View\View->render('produk/edit', [], true)
 5 APPPATH\Controllers\ProdukController.php(65): view('produk/edit', [...])
 6 SYSTEMPATH\CodeIgniter.php(934): App\Controllers\ProdukController->edit('assets', 'images', 'sidebar', 'img-1.jpg')
 7 SYSTEMPATH\CodeIgniter.php(499): CodeIgniter\CodeIgniter->runController(Object(App\Controllers\ProdukController))
 8 SYSTEMPATH\CodeIgniter.php(368): CodeIgniter\CodeIgniter->handleRequest(null, Object(Config\Cache), false)
 9 FCPATH\index.php(67): CodeIgniter\CodeIgniter->run()
10 SYSTEMPATH\Commands\Server\rewrite.php(47): require_once('C:\\xampp8-1\\htdocs\\sipt\\public\\index.php')
CRITICAL - 2023-10-01 06:53:29 --> Trying to access array offset on value of type null
in APPPATH\Views\produk\edit.php on line 25.
 1 APPPATH\Views\produk\edit.php(25): CodeIgniter\Debug\Exceptions->errorHandler(2, 'Trying to access array offset on value of type null', 'C:\\xampp8-1\\htdocs\\sipt\\app\\Views\\produk\\edit.php', 25)
 2 SYSTEMPATH\View\View.php(213): include('C:\\xampp8-1\\htdocs\\sipt\\app\\Views\\produk\\edit.php')
 3 SYSTEMPATH\View\View.php(216): CodeIgniter\View\View->CodeIgniter\View\{closure}()
 4 SYSTEMPATH\Common.php(1184): CodeIgniter\View\View->render('produk/edit', [], true)
 5 APPPATH\Controllers\ProdukController.php(65): view('produk/edit', [...])
 6 SYSTEMPATH\CodeIgniter.php(934): App\Controllers\ProdukController->edit('assets', 'images', 'sidebar', 'img-4.jpg')
 7 SYSTEMPATH\CodeIgniter.php(499): CodeIgniter\CodeIgniter->runController(Object(App\Controllers\ProdukController))
 8 SYSTEMPATH\CodeIgniter.php(368): CodeIgniter\CodeIgniter->handleRequest(null, Object(Config\Cache), false)
 9 FCPATH\index.php(67): CodeIgniter\CodeIgniter->run()
10 SYSTEMPATH\Commands\Server\rewrite.php(47): require_once('C:\\xampp8-1\\htdocs\\sipt\\public\\index.php')
CRITICAL - 2023-10-01 06:53:29 --> Trying to access array offset on value of type null
in APPPATH\Views\produk\edit.php on line 25.
 1 APPPATH\Views\produk\edit.php(25): CodeIgniter\Debug\Exceptions->errorHandler(2, 'Trying to access array offset on value of type null', 'C:\\xampp8-1\\htdocs\\sipt\\app\\Views\\produk\\edit.php', 25)
 2 SYSTEMPATH\View\View.php(213): include('C:\\xampp8-1\\htdocs\\sipt\\app\\Views\\produk\\edit.php')
 3 SYSTEMPATH\View\View.php(216): CodeIgniter\View\View->CodeIgniter\View\{closure}()
 4 SYSTEMPATH\Common.php(1184): CodeIgniter\View\View->render('produk/edit', [], true)
 5 APPPATH\Controllers\ProdukController.php(65): view('produk/edit', [...])
 6 SYSTEMPATH\CodeIgniter.php(934): App\Controllers\ProdukController->edit('assets', 'images', 'sidebar', 'img-3.jpg')
 7 SYSTEMPATH\CodeIgniter.php(499): CodeIgniter\CodeIgniter->runController(Object(App\Controllers\ProdukController))
 8 SYSTEMPATH\CodeIgniter.php(368): CodeIgniter\CodeIgniter->handleRequest(null, Object(Config\Cache), false)
 9 FCPATH\index.php(67): CodeIgniter\CodeIgniter->run()
10 SYSTEMPATH\Commands\Server\rewrite.php(47): require_once('C:\\xampp8-1\\htdocs\\sipt\\public\\index.php')
CRITICAL - 2023-10-01 06:53:30 --> Trying to access array offset on value of type null
in APPPATH\Views\produk\edit.php on line 25.
 1 APPPATH\Views\produk\edit.php(25): CodeIgniter\Debug\Exceptions->errorHandler(2, 'Trying to access array offset on value of type null', 'C:\\xampp8-1\\htdocs\\sipt\\app\\Views\\produk\\edit.php', 25)
 2 SYSTEMPATH\View\View.php(213): include('C:\\xampp8-1\\htdocs\\sipt\\app\\Views\\produk\\edit.php')
 3 SYSTEMPATH\View\View.php(216): CodeIgniter\View\View->CodeIgniter\View\{closure}()
 4 SYSTEMPATH\Common.php(1184): CodeIgniter\View\View->render('produk/edit', [], true)
 5 APPPATH\Controllers\ProdukController.php(65): view('produk/edit', [...])
 6 SYSTEMPATH\CodeIgniter.php(934): App\Controllers\ProdukController->edit('assets', 'images', 'sidebar', 'img-2.jpg')
 7 SYSTEMPATH\CodeIgniter.php(499): CodeIgniter\CodeIgniter->runController(Object(App\Controllers\ProdukController))
 8 SYSTEMPATH\CodeIgniter.php(368): CodeIgniter\CodeIgniter->handleRequest(null, Object(Config\Cache), false)
 9 FCPATH\index.php(67): CodeIgniter\CodeIgniter->run()
10 SYSTEMPATH\Commands\Server\rewrite.php(47): require_once('C:\\xampp8-1\\htdocs\\sipt\\public\\index.php')
INFO - 2023-10-01 06:53:56 --> Session: Class initialized using 'CodeIgniter\Session\Handlers\FileHandler' driver.
CRITICAL - 2023-10-01 06:53:58 --> Trying to access array offset on value of type null
in APPPATH\Views\produk\edit.php on line 25.
 1 APPPATH\Views\produk\edit.php(25): CodeIgniter\Debug\Exceptions->errorHandler(2, 'Trying to access array offset on value of type null', 'C:\\xampp8-1\\htdocs\\sipt\\app\\Views\\produk\\edit.php', 25)
 2 SYSTEMPATH\View\View.php(213): include('C:\\xampp8-1\\htdocs\\sipt\\app\\Views\\produk\\edit.php')
 3 SYSTEMPATH\View\View.php(216): CodeIgniter\View\View->CodeIgniter\View\{closure}()
 4 SYSTEMPATH\Common.php(1184): CodeIgniter\View\View->render('produk/edit', [], true)
 5 APPPATH\Controllers\ProdukController.php(65): view('produk/edit', [...])
 6 SYSTEMPATH\CodeIgniter.php(934): App\Controllers\ProdukController->edit('assets', 'libs', 'choices.js', 'public', 'assets', 'scripts', 'choices.min.js')
 7 SYSTEMPATH\CodeIgniter.php(499): CodeIgniter\CodeIgniter->runController(Object(App\Controllers\ProdukController))
 8 SYSTEMPATH\CodeIgniter.php(368): CodeIgniter\CodeIgniter->handleRequest(null, Object(Config\Cache), false)
 9 FCPATH\index.php(67): CodeIgniter\CodeIgniter->run()
10 SYSTEMPATH\Commands\Server\rewrite.php(47): require_once('C:\\xampp8-1\\htdocs\\sipt\\public\\index.php')
CRITICAL - 2023-10-01 06:53:58 --> Trying to access array offset on value of type null
in APPPATH\Views\produk\edit.php on line 25.
 1 APPPATH\Views\produk\edit.php(25): CodeIgniter\Debug\Exceptions->errorHandler(2, 'Trying to access array offset on value of type null', 'C:\\xampp8-1\\htdocs\\sipt\\app\\Views\\produk\\edit.php', 25)
 2 SYSTEMPATH\View\View.php(213): include('C:\\xampp8-1\\htdocs\\sipt\\app\\Views\\produk\\edit.php')
 3 SYSTEMPATH\View\View.php(216): CodeIgniter\View\View->CodeIgniter\View\{closure}()
 4 SYSTEMPATH\Common.php(1184): CodeIgniter\View\View->render('produk/edit', [], true)
 5 APPPATH\Controllers\ProdukController.php(65): view('produk/edit', [...])
 6 SYSTEMPATH\CodeIgniter.php(934): App\Controllers\ProdukController->edit('assets', 'libs', 'flatpickr', 'flatpickr.min.js')
 7 SYSTEMPATH\CodeIgniter.php(499): CodeIgniter\CodeIgniter->runController(Object(App\Controllers\ProdukController))
 8 SYSTEMPATH\CodeIgniter.php(368): CodeIgniter\CodeIgniter->handleRequest(null, Object(Config\Cache), false)
 9 FCPATH\index.php(67): CodeIgniter\CodeIgniter->run()
10 SYSTEMPATH\Commands\Server\rewrite.php(47): require_once('C:\\xampp8-1\\htdocs\\sipt\\public\\index.php')
CRITICAL - 2023-10-01 06:53:59 --> Trying to access array offset on value of type null
in APPPATH\Views\produk\edit.php on line 25.
 1 APPPATH\Views\produk\edit.php(25): CodeIgniter\Debug\Exceptions->errorHandler(2, 'Trying to access array offset on value of type null', 'C:\\xampp8-1\\htdocs\\sipt\\app\\Views\\produk\\edit.php', 25)
 2 SYSTEMPATH\View\View.php(213): include('C:\\xampp8-1\\htdocs\\sipt\\app\\Views\\produk\\edit.php')
 3 SYSTEMPATH\View\View.php(216): CodeIgniter\View\View->CodeIgniter\View\{closure}()
 4 SYSTEMPATH\Common.php(1184): CodeIgniter\View\View->render('produk/edit', [], true)
 5 APPPATH\Controllers\ProdukController.php(65): view('produk/edit', [...])
 6 SYSTEMPATH\CodeIgniter.php(934): App\Controllers\ProdukController->edit('assets', 'images', 'sidebar', 'img-1.jpg')
 7 SYSTEMPATH\CodeIgniter.php(499): CodeIgniter\CodeIgniter->runController(Object(App\Controllers\ProdukController))
 8 SYSTEMPATH\CodeIgniter.php(368): CodeIgniter\CodeIgniter->handleRequest(null, Object(Config\Cache), false)
 9 FCPATH\index.php(67): CodeIgniter\CodeIgniter->run()
10 SYSTEMPATH\Commands\Server\rewrite.php(47): require_once('C:\\xampp8-1\\htdocs\\sipt\\public\\index.php')
CRITICAL - 2023-10-01 06:53:59 --> Trying to access array offset on value of type null
in APPPATH\Views\produk\edit.php on line 25.
 1 APPPATH\Views\produk\edit.php(25): CodeIgniter\Debug\Exceptions->errorHandler(2, 'Trying to access array offset on value of type null', 'C:\\xampp8-1\\htdocs\\sipt\\app\\Views\\produk\\edit.php', 25)
 2 SYSTEMPATH\View\View.php(213): include('C:\\xampp8-1\\htdocs\\sipt\\app\\Views\\produk\\edit.php')
 3 SYSTEMPATH\View\View.php(216): CodeIgniter\View\View->CodeIgniter\View\{closure}()
 4 SYSTEMPATH\Common.php(1184): CodeIgniter\View\View->render('produk/edit', [], true)
 5 APPPATH\Controllers\ProdukController.php(65): view('produk/edit', [...])
 6 SYSTEMPATH\CodeIgniter.php(934): App\Controllers\ProdukController->edit('assets', 'images', 'sidebar', 'img-2.jpg')
 7 SYSTEMPATH\CodeIgniter.php(499): CodeIgniter\CodeIgniter->runController(Object(App\Controllers\ProdukController))
 8 SYSTEMPATH\CodeIgniter.php(368): CodeIgniter\CodeIgniter->handleRequest(null, Object(Config\Cache), false)
 9 FCPATH\index.php(67): CodeIgniter\CodeIgniter->run()
10 SYSTEMPATH\Commands\Server\rewrite.php(47): require_once('C:\\xampp8-1\\htdocs\\sipt\\public\\index.php')
CRITICAL - 2023-10-01 06:54:00 --> Trying to access array offset on value of type null
in APPPATH\Views\produk\edit.php on line 25.
 1 APPPATH\Views\produk\edit.php(25): CodeIgniter\Debug\Exceptions->errorHandler(2, 'Trying to access array offset on value of type null', 'C:\\xampp8-1\\htdocs\\sipt\\app\\Views\\produk\\edit.php', 25)
 2 SYSTEMPATH\View\View.php(213): include('C:\\xampp8-1\\htdocs\\sipt\\app\\Views\\produk\\edit.php')
 3 SYSTEMPATH\View\View.php(216): CodeIgniter\View\View->CodeIgniter\View\{closure}()
 4 SYSTEMPATH\Common.php(1184): CodeIgniter\View\View->render('produk/edit', [], true)
 5 APPPATH\Controllers\ProdukController.php(65): view('produk/edit', [...])
 6 SYSTEMPATH\CodeIgniter.php(934): App\Controllers\ProdukController->edit('assets', 'images', 'sidebar', 'img-3.jpg')
 7 SYSTEMPATH\CodeIgniter.php(499): CodeIgniter\CodeIgniter->runController(Object(App\Controllers\ProdukController))
 8 SYSTEMPATH\CodeIgniter.php(368): CodeIgniter\CodeIgniter->handleRequest(null, Object(Config\Cache), false)
 9 FCPATH\index.php(67): CodeIgniter\CodeIgniter->run()
10 SYSTEMPATH\Commands\Server\rewrite.php(47): require_once('C:\\xampp8-1\\htdocs\\sipt\\public\\index.php')
CRITICAL - 2023-10-01 06:54:01 --> Trying to access array offset on value of type null
in APPPATH\Views\produk\edit.php on line 25.
 1 APPPATH\Views\produk\edit.php(25): CodeIgniter\Debug\Exceptions->errorHandler(2, 'Trying to access array offset on value of type null', 'C:\\xampp8-1\\htdocs\\sipt\\app\\Views\\produk\\edit.php', 25)
 2 SYSTEMPATH\View\View.php(213): include('C:\\xampp8-1\\htdocs\\sipt\\app\\Views\\produk\\edit.php')
 3 SYSTEMPATH\View\View.php(216): CodeIgniter\View\View->CodeIgniter\View\{closure}()
 4 SYSTEMPATH\Common.php(1184): CodeIgniter\View\View->render('produk/edit', [], true)
 5 APPPATH\Controllers\ProdukController.php(65): view('produk/edit', [...])
 6 SYSTEMPATH\CodeIgniter.php(934): App\Controllers\ProdukController->edit('assets', 'images', 'sidebar', 'img-4.jpg')
 7 SYSTEMPATH\CodeIgniter.php(499): CodeIgniter\CodeIgniter->runController(Object(App\Controllers\ProdukController))
 8 SYSTEMPATH\CodeIgniter.php(368): CodeIgniter\CodeIgniter->handleRequest(null, Object(Config\Cache), false)
 9 FCPATH\index.php(67): CodeIgniter\CodeIgniter->run()
10 SYSTEMPATH\Commands\Server\rewrite.php(47): require_once('C:\\xampp8-1\\htdocs\\sipt\\public\\index.php')
INFO - 2023-10-01 06:54:11 --> Session: Class initialized using 'CodeIgniter\Session\Handlers\FileHandler' driver.
CRITICAL - 2023-10-01 06:54:13 --> Trying to access array offset on value of type null
in APPPATH\Views\produk\edit.php on line 25.
 1 APPPATH\Views\produk\edit.php(25): CodeIgniter\Debug\Exceptions->errorHandler(2, 'Trying to access array offset on value of type null', 'C:\\xampp8-1\\htdocs\\sipt\\app\\Views\\produk\\edit.php', 25)
 2 SYSTEMPATH\View\View.php(213): include('C:\\xampp8-1\\htdocs\\sipt\\app\\Views\\produk\\edit.php')
 3 SYSTEMPATH\View\View.php(216): CodeIgniter\View\View->CodeIgniter\View\{closure}()
 4 SYSTEMPATH\Common.php(1184): CodeIgniter\View\View->render('produk/edit', [], true)
 5 APPPATH\Controllers\ProdukController.php(65): view('produk/edit', [...])
 6 SYSTEMPATH\CodeIgniter.php(934): App\Controllers\ProdukController->edit('assets', 'libs', 'choices.js', 'public', 'assets', 'scripts', 'choices.min.js')
 7 SYSTEMPATH\CodeIgniter.php(499): CodeIgniter\CodeIgniter->runController(Object(App\Controllers\ProdukController))
 8 SYSTEMPATH\CodeIgniter.php(368): CodeIgniter\CodeIgniter->handleRequest(null, Object(Config\Cache), false)
 9 FCPATH\index.php(67): CodeIgniter\CodeIgniter->run()
10 SYSTEMPATH\Commands\Server\rewrite.php(47): require_once('C:\\xampp8-1\\htdocs\\sipt\\public\\index.php')
CRITICAL - 2023-10-01 06:54:13 --> Trying to access array offset on value of type null
in APPPATH\Views\produk\edit.php on line 25.
 1 APPPATH\Views\produk\edit.php(25): CodeIgniter\Debug\Exceptions->errorHandler(2, 'Trying to access array offset on value of type null', 'C:\\xampp8-1\\htdocs\\sipt\\app\\Views\\produk\\edit.php', 25)
 2 SYSTEMPATH\View\View.php(213): include('C:\\xampp8-1\\htdocs\\sipt\\app\\Views\\produk\\edit.php')
 3 SYSTEMPATH\View\View.php(216): CodeIgniter\View\View->CodeIgniter\View\{closure}()
 4 SYSTEMPATH\Common.php(1184): CodeIgniter\View\View->render('produk/edit', [], true)
 5 APPPATH\Controllers\ProdukController.php(65): view('produk/edit', [...])
 6 SYSTEMPATH\CodeIgniter.php(934): App\Controllers\ProdukController->edit('assets', 'libs', 'flatpickr', 'flatpickr.min.js')
 7 SYSTEMPATH\CodeIgniter.php(499): CodeIgniter\CodeIgniter->runController(Object(App\Controllers\ProdukController))
 8 SYSTEMPATH\CodeIgniter.php(368): CodeIgniter\CodeIgniter->handleRequest(null, Object(Config\Cache), false)
 9 FCPATH\index.php(67): CodeIgniter\CodeIgniter->run()
10 SYSTEMPATH\Commands\Server\rewrite.php(47): require_once('C:\\xampp8-1\\htdocs\\sipt\\public\\index.php')
CRITICAL - 2023-10-01 06:54:14 --> Trying to access array offset on value of type null
in APPPATH\Views\produk\edit.php on line 25.
 1 APPPATH\Views\produk\edit.php(25): CodeIgniter\Debug\Exceptions->errorHandler(2, 'Trying to access array offset on value of type null', 'C:\\xampp8-1\\htdocs\\sipt\\app\\Views\\produk\\edit.php', 25)
 2 SYSTEMPATH\View\View.php(213): include('C:\\xampp8-1\\htdocs\\sipt\\app\\Views\\produk\\edit.php')
 3 SYSTEMPATH\View\View.php(216): CodeIgniter\View\View->CodeIgniter\View\{closure}()
 4 SYSTEMPATH\Common.php(1184): CodeIgniter\View\View->render('produk/edit', [], true)
 5 APPPATH\Controllers\ProdukController.php(65): view('produk/edit', [...])
 6 SYSTEMPATH\CodeIgniter.php(934): App\Controllers\ProdukController->edit('assets', 'images', 'sidebar', 'img-1.jpg')
 7 SYSTEMPATH\CodeIgniter.php(499): CodeIgniter\CodeIgniter->runController(Object(App\Controllers\ProdukController))
 8 SYSTEMPATH\CodeIgniter.php(368): CodeIgniter\CodeIgniter->handleRequest(null, Object(Config\Cache), false)
 9 FCPATH\index.php(67): CodeIgniter\CodeIgniter->run()
10 SYSTEMPATH\Commands\Server\rewrite.php(47): require_once('C:\\xampp8-1\\htdocs\\sipt\\public\\index.php')
CRITICAL - 2023-10-01 06:54:15 --> Trying to access array offset on value of type null
in APPPATH\Views\produk\edit.php on line 25.
 1 APPPATH\Views\produk\edit.php(25): CodeIgniter\Debug\Exceptions->errorHandler(2, 'Trying to access array offset on value of type null', 'C:\\xampp8-1\\htdocs\\sipt\\app\\Views\\produk\\edit.php', 25)
 2 SYSTEMPATH\View\View.php(213): include('C:\\xampp8-1\\htdocs\\sipt\\app\\Views\\produk\\edit.php')
 3 SYSTEMPATH\View\View.php(216): CodeIgniter\View\View->CodeIgniter\View\{closure}()
 4 SYSTEMPATH\Common.php(1184): CodeIgniter\View\View->render('produk/edit', [], true)
 5 APPPATH\Controllers\ProdukController.php(65): view('produk/edit', [...])
 6 SYSTEMPATH\CodeIgniter.php(934): App\Controllers\ProdukController->edit('assets', 'images', 'sidebar', 'img-2.jpg')
 7 SYSTEMPATH\CodeIgniter.php(499): CodeIgniter\CodeIgniter->runController(Object(App\Controllers\ProdukController))
 8 SYSTEMPATH\CodeIgniter.php(368): CodeIgniter\CodeIgniter->handleRequest(null, Object(Config\Cache), false)
 9 FCPATH\index.php(67): CodeIgniter\CodeIgniter->run()
10 SYSTEMPATH\Commands\Server\rewrite.php(47): require_once('C:\\xampp8-1\\htdocs\\sipt\\public\\index.php')
CRITICAL - 2023-10-01 06:54:16 --> Trying to access array offset on value of type null
in APPPATH\Views\produk\edit.php on line 25.
 1 APPPATH\Views\produk\edit.php(25): CodeIgniter\Debug\Exceptions->errorHandler(2, 'Trying to access array offset on value of type null', 'C:\\xampp8-1\\htdocs\\sipt\\app\\Views\\produk\\edit.php', 25)
 2 SYSTEMPATH\View\View.php(213): include('C:\\xampp8-1\\htdocs\\sipt\\app\\Views\\produk\\edit.php')
 3 SYSTEMPATH\View\View.php(216): CodeIgniter\View\View->CodeIgniter\View\{closure}()
 4 SYSTEMPATH\Common.php(1184): CodeIgniter\View\View->render('produk/edit', [], true)
 5 APPPATH\Controllers\ProdukController.php(65): view('produk/edit', [...])
 6 SYSTEMPATH\CodeIgniter.php(934): App\Controllers\ProdukController->edit('assets', 'images', 'sidebar', 'img-3.jpg')
 7 SYSTEMPATH\CodeIgniter.php(499): CodeIgniter\CodeIgniter->runController(Object(App\Controllers\ProdukController))
 8 SYSTEMPATH\CodeIgniter.php(368): CodeIgniter\CodeIgniter->handleRequest(null, Object(Config\Cache), false)
 9 FCPATH\index.php(67): CodeIgniter\CodeIgniter->run()
10 SYSTEMPATH\Commands\Server\rewrite.php(47): require_once('C:\\xampp8-1\\htdocs\\sipt\\public\\index.php')
CRITICAL - 2023-10-01 06:54:16 --> Trying to access array offset on value of type null
in APPPATH\Views\produk\edit.php on line 25.
 1 APPPATH\Views\produk\edit.php(25): CodeIgniter\Debug\Exceptions->errorHandler(2, 'Trying to access array offset on value of type null', 'C:\\xampp8-1\\htdocs\\sipt\\app\\Views\\produk\\edit.php', 25)
 2 SYSTEMPATH\View\View.php(213): include('C:\\xampp8-1\\htdocs\\sipt\\app\\Views\\produk\\edit.php')
 3 SYSTEMPATH\View\View.php(216): CodeIgniter\View\View->CodeIgniter\View\{closure}()
 4 SYSTEMPATH\Common.php(1184): CodeIgniter\View\View->render('produk/edit', [], true)
 5 APPPATH\Controllers\ProdukController.php(65): view('produk/edit', [...])
 6 SYSTEMPATH\CodeIgniter.php(934): App\Controllers\ProdukController->edit('assets', 'images', 'sidebar', 'img-4.jpg')
 7 SYSTEMPATH\CodeIgniter.php(499): CodeIgniter\CodeIgniter->runController(Object(App\Controllers\ProdukController))
 8 SYSTEMPATH\CodeIgniter.php(368): CodeIgniter\CodeIgniter->handleRequest(null, Object(Config\Cache), false)
 9 FCPATH\index.php(67): CodeIgniter\CodeIgniter->run()
10 SYSTEMPATH\Commands\Server\rewrite.php(47): require_once('C:\\xampp8-1\\htdocs\\sipt\\public\\index.php')
INFO - 2023-10-01 06:54:21 --> Session: Class initialized using 'CodeIgniter\Session\Handlers\FileHandler' driver.
CRITICAL - 2023-10-01 06:54:24 --> Trying to access array offset on value of type null
in APPPATH\Views\produk\edit.php on line 25.
 1 APPPATH\Views\produk\edit.php(25): CodeIgniter\Debug\Exceptions->errorHandler(2, 'Trying to access array offset on value of type null', 'C:\\xampp8-1\\htdocs\\sipt\\app\\Views\\produk\\edit.php', 25)
 2 SYSTEMPATH\View\View.php(213): include('C:\\xampp8-1\\htdocs\\sipt\\app\\Views\\produk\\edit.php')
 3 SYSTEMPATH\View\View.php(216): CodeIgniter\View\View->CodeIgniter\View\{closure}()
 4 SYSTEMPATH\Common.php(1184): CodeIgniter\View\View->render('produk/edit', [], true)
 5 APPPATH\Controllers\ProdukController.php(65): view('produk/edit', [...])
 6 SYSTEMPATH\CodeIgniter.php(934): App\Controllers\ProdukController->edit('assets', 'libs', 'choices.js', 'public', 'assets', 'scripts', 'choices.min.js')
 7 SYSTEMPATH\CodeIgniter.php(499): CodeIgniter\CodeIgniter->runController(Object(App\Controllers\ProdukController))
 8 SYSTEMPATH\CodeIgniter.php(368): CodeIgniter\CodeIgniter->handleRequest(null, Object(Config\Cache), false)
 9 FCPATH\index.php(67): CodeIgniter\CodeIgniter->run()
10 SYSTEMPATH\Commands\Server\rewrite.php(47): require_once('C:\\xampp8-1\\htdocs\\sipt\\public\\index.php')
CRITICAL - 2023-10-01 06:54:24 --> Trying to access array offset on value of type null
in APPPATH\Views\produk\edit.php on line 25.
 1 APPPATH\Views\produk\edit.php(25): CodeIgniter\Debug\Exceptions->errorHandler(2, 'Trying to access array offset on value of type null', 'C:\\xampp8-1\\htdocs\\sipt\\app\\Views\\produk\\edit.php', 25)
 2 SYSTEMPATH\View\View.php(213): include('C:\\xampp8-1\\htdocs\\sipt\\app\\Views\\produk\\edit.php')
 3 SYSTEMPATH\View\View.php(216): CodeIgniter\View\View->CodeIgniter\View\{closure}()
 4 SYSTEMPATH\Common.php(1184): CodeIgniter\View\View->render('produk/edit', [], true)
 5 APPPATH\Controllers\ProdukController.php(65): view('produk/edit', [...])
 6 SYSTEMPATH\CodeIgniter.php(934): App\Controllers\ProdukController->edit('assets', 'libs', 'flatpickr', 'flatpickr.min.js')
 7 SYSTEMPATH\CodeIgniter.php(499): CodeIgniter\CodeIgniter->runController(Object(App\Controllers\ProdukController))
 8 SYSTEMPATH\CodeIgniter.php(368): CodeIgniter\CodeIgniter->handleRequest(null, Object(Config\Cache), false)
 9 FCPATH\index.php(67): CodeIgniter\CodeIgniter->run()
10 SYSTEMPATH\Commands\Server\rewrite.php(47): require_once('C:\\xampp8-1\\htdocs\\sipt\\public\\index.php')
CRITICAL - 2023-10-01 06:54:25 --> Trying to access array offset on value of type null
in APPPATH\Views\produk\edit.php on line 25.
 1 APPPATH\Views\produk\edit.php(25): CodeIgniter\Debug\Exceptions->errorHandler(2, 'Trying to access array offset on value of type null', 'C:\\xampp8-1\\htdocs\\sipt\\app\\Views\\produk\\edit.php', 25)
 2 SYSTEMPATH\View\View.php(213): include('C:\\xampp8-1\\htdocs\\sipt\\app\\Views\\produk\\edit.php')
 3 SYSTEMPATH\View\View.php(216): CodeIgniter\View\View->CodeIgniter\View\{closure}()
 4 SYSTEMPATH\Common.php(1184): CodeIgniter\View\View->render('produk/edit', [], true)
 5 APPPATH\Controllers\ProdukController.php(65): view('produk/edit', [...])
 6 SYSTEMPATH\CodeIgniter.php(934): App\Controllers\ProdukController->edit('assets', 'images', 'sidebar', 'img-1.jpg')
 7 SYSTEMPATH\CodeIgniter.php(499): CodeIgniter\CodeIgniter->runController(Object(App\Controllers\ProdukController))
 8 SYSTEMPATH\CodeIgniter.php(368): CodeIgniter\CodeIgniter->handleRequest(null, Object(Config\Cache), false)
 9 FCPATH\index.php(67): CodeIgniter\CodeIgniter->run()
10 SYSTEMPATH\Commands\Server\rewrite.php(47): require_once('C:\\xampp8-1\\htdocs\\sipt\\public\\index.php')
CRITICAL - 2023-10-01 06:54:25 --> Trying to access array offset on value of type null
in APPPATH\Views\produk\edit.php on line 25.
 1 APPPATH\Views\produk\edit.php(25): CodeIgniter\Debug\Exceptions->errorHandler(2, 'Trying to access array offset on value of type null', 'C:\\xampp8-1\\htdocs\\sipt\\app\\Views\\produk\\edit.php', 25)
 2 SYSTEMPATH\View\View.php(213): include('C:\\xampp8-1\\htdocs\\sipt\\app\\Views\\produk\\edit.php')
 3 SYSTEMPATH\View\View.php(216): CodeIgniter\View\View->CodeIgniter\View\{closure}()
 4 SYSTEMPATH\Common.php(1184): CodeIgniter\View\View->render('produk/edit', [], true)
 5 APPPATH\Controllers\ProdukController.php(65): view('produk/edit', [...])
 6 SYSTEMPATH\CodeIgniter.php(934): App\Controllers\ProdukController->edit('assets', 'images', 'sidebar', 'img-2.jpg')
 7 SYSTEMPATH\CodeIgniter.php(499): CodeIgniter\CodeIgniter->runController(Object(App\Controllers\ProdukController))
 8 SYSTEMPATH\CodeIgniter.php(368): CodeIgniter\CodeIgniter->handleRequest(null, Object(Config\Cache), false)
 9 FCPATH\index.php(67): CodeIgniter\CodeIgniter->run()
10 SYSTEMPATH\Commands\Server\rewrite.php(47): require_once('C:\\xampp8-1\\htdocs\\sipt\\public\\index.php')
CRITICAL - 2023-10-01 06:54:27 --> Trying to access array offset on value of type null
in APPPATH\Views\produk\edit.php on line 25.
 1 APPPATH\Views\produk\edit.php(25): CodeIgniter\Debug\Exceptions->errorHandler(2, 'Trying to access array offset on value of type null', 'C:\\xampp8-1\\htdocs\\sipt\\app\\Views\\produk\\edit.php', 25)
 2 SYSTEMPATH\View\View.php(213): include('C:\\xampp8-1\\htdocs\\sipt\\app\\Views\\produk\\edit.php')
 3 SYSTEMPATH\View\View.php(216): CodeIgniter\View\View->CodeIgniter\View\{closure}()
 4 SYSTEMPATH\Common.php(1184): CodeIgniter\View\View->render('produk/edit', [], true)
 5 APPPATH\Controllers\ProdukController.php(65): view('produk/edit', [...])
 6 SYSTEMPATH\CodeIgniter.php(934): App\Controllers\ProdukController->edit('assets', 'images', 'sidebar', 'img-4.jpg')
 7 SYSTEMPATH\CodeIgniter.php(499): CodeIgniter\CodeIgniter->runController(Object(App\Controllers\ProdukController))
 8 SYSTEMPATH\CodeIgniter.php(368): CodeIgniter\CodeIgniter->handleRequest(null, Object(Config\Cache), false)
 9 FCPATH\index.php(67): CodeIgniter\CodeIgniter->run()
10 SYSTEMPATH\Commands\Server\rewrite.php(47): require_once('C:\\xampp8-1\\htdocs\\sipt\\public\\index.php')
CRITICAL - 2023-10-01 06:54:27 --> Trying to access array offset on value of type null
in APPPATH\Views\produk\edit.php on line 25.
 1 APPPATH\Views\produk\edit.php(25): CodeIgniter\Debug\Exceptions->errorHandler(2, 'Trying to access array offset on value of type null', 'C:\\xampp8-1\\htdocs\\sipt\\app\\Views\\produk\\edit.php', 25)
 2 SYSTEMPATH\View\View.php(213): include('C:\\xampp8-1\\htdocs\\sipt\\app\\Views\\produk\\edit.php')
 3 SYSTEMPATH\View\View.php(216): CodeIgniter\View\View->CodeIgniter\View\{closure}()
 4 SYSTEMPATH\Common.php(1184): CodeIgniter\View\View->render('produk/edit', [], true)
 5 APPPATH\Controllers\ProdukController.php(65): view('produk/edit', [...])
 6 SYSTEMPATH\CodeIgniter.php(934): App\Controllers\ProdukController->edit('assets', 'images', 'sidebar', 'img-3.jpg')
 7 SYSTEMPATH\CodeIgniter.php(499): CodeIgniter\CodeIgniter->runController(Object(App\Controllers\ProdukController))
 8 SYSTEMPATH\CodeIgniter.php(368): CodeIgniter\CodeIgniter->handleRequest(null, Object(Config\Cache), false)
 9 FCPATH\index.php(67): CodeIgniter\CodeIgniter->run()
10 SYSTEMPATH\Commands\Server\rewrite.php(47): require_once('C:\\xampp8-1\\htdocs\\sipt\\public\\index.php')
INFO - 2023-10-01 06:54:30 --> Session: Class initialized using 'CodeIgniter\Session\Handlers\FileHandler' driver.
CRITICAL - 2023-10-01 06:54:33 --> Trying to access array offset on value of type null
in APPPATH\Views\produk\edit.php on line 25.
 1 APPPATH\Views\produk\edit.php(25): CodeIgniter\Debug\Exceptions->errorHandler(2, 'Trying to access array offset on value of type null', 'C:\\xampp8-1\\htdocs\\sipt\\app\\Views\\produk\\edit.php', 25)
 2 SYSTEMPATH\View\View.php(213): include('C:\\xampp8-1\\htdocs\\sipt\\app\\Views\\produk\\edit.php')
 3 SYSTEMPATH\View\View.php(216): CodeIgniter\View\View->CodeIgniter\View\{closure}()
 4 SYSTEMPATH\Common.php(1184): CodeIgniter\View\View->render('produk/edit', [], true)
 5 APPPATH\Controllers\ProdukController.php(65): view('produk/edit', [...])
 6 SYSTEMPATH\CodeIgniter.php(934): App\Controllers\ProdukController->edit('assets', 'libs', 'choices.js', 'public', 'assets', 'scripts', 'choices.min.js')
 7 SYSTEMPATH\CodeIgniter.php(499): CodeIgniter\CodeIgniter->runController(Object(App\Controllers\ProdukController))
 8 SYSTEMPATH\CodeIgniter.php(368): CodeIgniter\CodeIgniter->handleRequest(null, Object(Config\Cache), false)
 9 FCPATH\index.php(67): CodeIgniter\CodeIgniter->run()
10 SYSTEMPATH\Commands\Server\rewrite.php(47): require_once('C:\\xampp8-1\\htdocs\\sipt\\public\\index.php')
CRITICAL - 2023-10-01 06:54:33 --> Trying to access array offset on value of type null
in APPPATH\Views\produk\edit.php on line 25.
 1 APPPATH\Views\produk\edit.php(25): CodeIgniter\Debug\Exceptions->errorHandler(2, 'Trying to access array offset on value of type null', 'C:\\xampp8-1\\htdocs\\sipt\\app\\Views\\produk\\edit.php', 25)
 2 SYSTEMPATH\View\View.php(213): include('C:\\xampp8-1\\htdocs\\sipt\\app\\Views\\produk\\edit.php')
 3 SYSTEMPATH\View\View.php(216): CodeIgniter\View\View->CodeIgniter\View\{closure}()
 4 SYSTEMPATH\Common.php(1184): CodeIgniter\View\View->render('produk/edit', [], true)
 5 APPPATH\Controllers\ProdukController.php(65): view('produk/edit', [...])
 6 SYSTEMPATH\CodeIgniter.php(934): App\Controllers\ProdukController->edit('assets', 'libs', 'flatpickr', 'flatpickr.min.js')
 7 SYSTEMPATH\CodeIgniter.php(499): CodeIgniter\CodeIgniter->runController(Object(App\Controllers\ProdukController))
 8 SYSTEMPATH\CodeIgniter.php(368): CodeIgniter\CodeIgniter->handleRequest(null, Object(Config\Cache), false)
 9 FCPATH\index.php(67): CodeIgniter\CodeIgniter->run()
10 SYSTEMPATH\Commands\Server\rewrite.php(47): require_once('C:\\xampp8-1\\htdocs\\sipt\\public\\index.php')
CRITICAL - 2023-10-01 06:54:34 --> Trying to access array offset on value of type null
in APPPATH\Views\produk\edit.php on line 25.
 1 APPPATH\Views\produk\edit.php(25): CodeIgniter\Debug\Exceptions->errorHandler(2, 'Trying to access array offset on value of type null', 'C:\\xampp8-1\\htdocs\\sipt\\app\\Views\\produk\\edit.php', 25)
 2 SYSTEMPATH\View\View.php(213): include('C:\\xampp8-1\\htdocs\\sipt\\app\\Views\\produk\\edit.php')
 3 SYSTEMPATH\View\View.php(216): CodeIgniter\View\View->CodeIgniter\View\{closure}()
 4 SYSTEMPATH\Common.php(1184): CodeIgniter\View\View->render('produk/edit', [], true)
 5 APPPATH\Controllers\ProdukController.php(65): view('produk/edit', [...])
 6 SYSTEMPATH\CodeIgniter.php(934): App\Controllers\ProdukController->edit('assets', 'images', 'sidebar', 'img-1.jpg')
 7 SYSTEMPATH\CodeIgniter.php(499): CodeIgniter\CodeIgniter->runController(Object(App\Controllers\ProdukController))
 8 SYSTEMPATH\CodeIgniter.php(368): CodeIgniter\CodeIgniter->handleRequest(null, Object(Config\Cache), false)
 9 FCPATH\index.php(67): CodeIgniter\CodeIgniter->run()
10 SYSTEMPATH\Commands\Server\rewrite.php(47): require_once('C:\\xampp8-1\\htdocs\\sipt\\public\\index.php')
CRITICAL - 2023-10-01 06:54:35 --> Trying to access array offset on value of type null
in APPPATH\Views\produk\edit.php on line 25.
 1 APPPATH\Views\produk\edit.php(25): CodeIgniter\Debug\Exceptions->errorHandler(2, 'Trying to access array offset on value of type null', 'C:\\xampp8-1\\htdocs\\sipt\\app\\Views\\produk\\edit.php', 25)
 2 SYSTEMPATH\View\View.php(213): include('C:\\xampp8-1\\htdocs\\sipt\\app\\Views\\produk\\edit.php')
 3 SYSTEMPATH\View\View.php(216): CodeIgniter\View\View->CodeIgniter\View\{closure}()
 4 SYSTEMPATH\Common.php(1184): CodeIgniter\View\View->render('produk/edit', [], true)
 5 APPPATH\Controllers\ProdukController.php(65): view('produk/edit', [...])
 6 SYSTEMPATH\CodeIgniter.php(934): App\Controllers\ProdukController->edit('assets', 'images', 'sidebar', 'img-2.jpg')
 7 SYSTEMPATH\CodeIgniter.php(499): CodeIgniter\CodeIgniter->runController(Object(App\Controllers\ProdukController))
 8 SYSTEMPATH\CodeIgniter.php(368): CodeIgniter\CodeIgniter->handleRequest(null, Object(Config\Cache), false)
 9 FCPATH\index.php(67): CodeIgniter\CodeIgniter->run()
10 SYSTEMPATH\Commands\Server\rewrite.php(47): require_once('C:\\xampp8-1\\htdocs\\sipt\\public\\index.php')
CRITICAL - 2023-10-01 06:54:35 --> Trying to access array offset on value of type null
in APPPATH\Views\produk\edit.php on line 25.
 1 APPPATH\Views\produk\edit.php(25): CodeIgniter\Debug\Exceptions->errorHandler(2, 'Trying to access array offset on value of type null', 'C:\\xampp8-1\\htdocs\\sipt\\app\\Views\\produk\\edit.php', 25)
 2 SYSTEMPATH\View\View.php(213): include('C:\\xampp8-1\\htdocs\\sipt\\app\\Views\\produk\\edit.php')
 3 SYSTEMPATH\View\View.php(216): CodeIgniter\View\View->CodeIgniter\View\{closure}()
 4 SYSTEMPATH\Common.php(1184): CodeIgniter\View\View->render('produk/edit', [], true)
 5 APPPATH\Controllers\ProdukController.php(65): view('produk/edit', [...])
 6 SYSTEMPATH\CodeIgniter.php(934): App\Controllers\ProdukController->edit('assets', 'images', 'sidebar', 'img-3.jpg')
 7 SYSTEMPATH\CodeIgniter.php(499): CodeIgniter\CodeIgniter->runController(Object(App\Controllers\ProdukController))
 8 SYSTEMPATH\CodeIgniter.php(368): CodeIgniter\CodeIgniter->handleRequest(null, Object(Config\Cache), false)
 9 FCPATH\index.php(67): CodeIgniter\CodeIgniter->run()
10 SYSTEMPATH\Commands\Server\rewrite.php(47): require_once('C:\\xampp8-1\\htdocs\\sipt\\public\\index.php')
CRITICAL - 2023-10-01 06:54:36 --> Trying to access array offset on value of type null
in APPPATH\Views\produk\edit.php on line 25.
 1 APPPATH\Views\produk\edit.php(25): CodeIgniter\Debug\Exceptions->errorHandler(2, 'Trying to access array offset on value of type null', 'C:\\xampp8-1\\htdocs\\sipt\\app\\Views\\produk\\edit.php', 25)
 2 SYSTEMPATH\View\View.php(213): include('C:\\xampp8-1\\htdocs\\sipt\\app\\Views\\produk\\edit.php')
 3 SYSTEMPATH\View\View.php(216): CodeIgniter\View\View->CodeIgniter\View\{closure}()
 4 SYSTEMPATH\Common.php(1184): CodeIgniter\View\View->render('produk/edit', [], true)
 5 APPPATH\Controllers\ProdukController.php(65): view('produk/edit', [...])
 6 SYSTEMPATH\CodeIgniter.php(934): App\Controllers\ProdukController->edit('assets', 'images', 'sidebar', 'img-4.jpg')
 7 SYSTEMPATH\CodeIgniter.php(499): CodeIgniter\CodeIgniter->runController(Object(App\Controllers\ProdukController))
 8 SYSTEMPATH\CodeIgniter.php(368): CodeIgniter\CodeIgniter->handleRequest(null, Object(Config\Cache), false)
 9 FCPATH\index.php(67): CodeIgniter\CodeIgniter->run()
10 SYSTEMPATH\Commands\Server\rewrite.php(47): require_once('C:\\xampp8-1\\htdocs\\sipt\\public\\index.php')
INFO - 2023-10-01 06:55:49 --> Session: Class initialized using 'CodeIgniter\Session\Handlers\FileHandler' driver.
INFO - 2023-10-01 06:55:53 --> Session: Class initialized using 'CodeIgniter\Session\Handlers\FileHandler' driver.
CRITICAL - 2023-10-01 06:55:56 --> Trying to access array offset on value of type null
in APPPATH\Views\produk\edit.php on line 25.
 1 APPPATH\Views\produk\edit.php(25): CodeIgniter\Debug\Exceptions->errorHandler(2, 'Trying to access array offset on value of type null', 'C:\\xampp8-1\\htdocs\\sipt\\app\\Views\\produk\\edit.php', 25)
 2 SYSTEMPATH\View\View.php(213): include('C:\\xampp8-1\\htdocs\\sipt\\app\\Views\\produk\\edit.php')
 3 SYSTEMPATH\View\View.php(216): CodeIgniter\View\View->CodeIgniter\View\{closure}()
 4 SYSTEMPATH\Common.php(1184): CodeIgniter\View\View->render('produk/edit', [], true)
 5 APPPATH\Controllers\ProdukController.php(65): view('produk/edit', [...])
 6 SYSTEMPATH\CodeIgniter.php(934): App\Controllers\ProdukController->edit('assets', 'libs', 'choices.js', 'public', 'assets', 'scripts', 'choices.min.js')
 7 SYSTEMPATH\CodeIgniter.php(499): CodeIgniter\CodeIgniter->runController(Object(App\Controllers\ProdukController))
 8 SYSTEMPATH\CodeIgniter.php(368): CodeIgniter\CodeIgniter->handleRequest(null, Object(Config\Cache), false)
 9 FCPATH\index.php(67): CodeIgniter\CodeIgniter->run()
10 SYSTEMPATH\Commands\Server\rewrite.php(47): require_once('C:\\xampp8-1\\htdocs\\sipt\\public\\index.php')
CRITICAL - 2023-10-01 06:55:56 --> Trying to access array offset on value of type null
in APPPATH\Views\produk\edit.php on line 25.
 1 APPPATH\Views\produk\edit.php(25): CodeIgniter\Debug\Exceptions->errorHandler(2, 'Trying to access array offset on value of type null', 'C:\\xampp8-1\\htdocs\\sipt\\app\\Views\\produk\\edit.php', 25)
 2 SYSTEMPATH\View\View.php(213): include('C:\\xampp8-1\\htdocs\\sipt\\app\\Views\\produk\\edit.php')
 3 SYSTEMPATH\View\View.php(216): CodeIgniter\View\View->CodeIgniter\View\{closure}()
 4 SYSTEMPATH\Common.php(1184): CodeIgniter\View\View->render('produk/edit', [], true)
 5 APPPATH\Controllers\ProdukController.php(65): view('produk/edit', [...])
 6 SYSTEMPATH\CodeIgniter.php(934): App\Controllers\ProdukController->edit('assets', 'libs', 'flatpickr', 'flatpickr.min.js')
 7 SYSTEMPATH\CodeIgniter.php(499): CodeIgniter\CodeIgniter->runController(Object(App\Controllers\ProdukController))
 8 SYSTEMPATH\CodeIgniter.php(368): CodeIgniter\CodeIgniter->handleRequest(null, Object(Config\Cache), false)
 9 FCPATH\index.php(67): CodeIgniter\CodeIgniter->run()
10 SYSTEMPATH\Commands\Server\rewrite.php(47): require_once('C:\\xampp8-1\\htdocs\\sipt\\public\\index.php')
CRITICAL - 2023-10-01 06:55:57 --> Trying to access array offset on value of type null
in APPPATH\Views\produk\edit.php on line 25.
 1 APPPATH\Views\produk\edit.php(25): CodeIgniter\Debug\Exceptions->errorHandler(2, 'Trying to access array offset on value of type null', 'C:\\xampp8-1\\htdocs\\sipt\\app\\Views\\produk\\edit.php', 25)
 2 SYSTEMPATH\View\View.php(213): include('C:\\xampp8-1\\htdocs\\sipt\\app\\Views\\produk\\edit.php')
 3 SYSTEMPATH\View\View.php(216): CodeIgniter\View\View->CodeIgniter\View\{closure}()
 4 SYSTEMPATH\Common.php(1184): CodeIgniter\View\View->render('produk/edit', [], true)
 5 APPPATH\Controllers\ProdukController.php(65): view('produk/edit', [...])
 6 SYSTEMPATH\CodeIgniter.php(934): App\Controllers\ProdukController->edit('assets', 'images', 'sidebar', 'img-1.jpg')
 7 SYSTEMPATH\CodeIgniter.php(499): CodeIgniter\CodeIgniter->runController(Object(App\Controllers\ProdukController))
 8 SYSTEMPATH\CodeIgniter.php(368): CodeIgniter\CodeIgniter->handleRequest(null, Object(Config\Cache), false)
 9 FCPATH\index.php(67): CodeIgniter\CodeIgniter->run()
10 SYSTEMPATH\Commands\Server\rewrite.php(47): require_once('C:\\xampp8-1\\htdocs\\sipt\\public\\index.php')
CRITICAL - 2023-10-01 06:55:57 --> Trying to access array offset on value of type null
in APPPATH\Views\produk\edit.php on line 25.
 1 APPPATH\Views\produk\edit.php(25): CodeIgniter\Debug\Exceptions->errorHandler(2, 'Trying to access array offset on value of type null', 'C:\\xampp8-1\\htdocs\\sipt\\app\\Views\\produk\\edit.php', 25)
 2 SYSTEMPATH\View\View.php(213): include('C:\\xampp8-1\\htdocs\\sipt\\app\\Views\\produk\\edit.php')
 3 SYSTEMPATH\View\View.php(216): CodeIgniter\View\View->CodeIgniter\View\{closure}()
 4 SYSTEMPATH\Common.php(1184): CodeIgniter\View\View->render('produk/edit', [], true)
 5 APPPATH\Controllers\ProdukController.php(65): view('produk/edit', [...])
 6 SYSTEMPATH\CodeIgniter.php(934): App\Controllers\ProdukController->edit('assets', 'images', 'sidebar', 'img-2.jpg')
 7 SYSTEMPATH\CodeIgniter.php(499): CodeIgniter\CodeIgniter->runController(Object(App\Controllers\ProdukController))
 8 SYSTEMPATH\CodeIgniter.php(368): CodeIgniter\CodeIgniter->handleRequest(null, Object(Config\Cache), false)
 9 FCPATH\index.php(67): CodeIgniter\CodeIgniter->run()
10 SYSTEMPATH\Commands\Server\rewrite.php(47): require_once('C:\\xampp8-1\\htdocs\\sipt\\public\\index.php')
CRITICAL - 2023-10-01 06:55:58 --> Trying to access array offset on value of type null
in APPPATH\Views\produk\edit.php on line 25.
 1 APPPATH\Views\produk\edit.php(25): CodeIgniter\Debug\Exceptions->errorHandler(2, 'Trying to access array offset on value of type null', 'C:\\xampp8-1\\htdocs\\sipt\\app\\Views\\produk\\edit.php', 25)
 2 SYSTEMPATH\View\View.php(213): include('C:\\xampp8-1\\htdocs\\sipt\\app\\Views\\produk\\edit.php')
 3 SYSTEMPATH\View\View.php(216): CodeIgniter\View\View->CodeIgniter\View\{closure}()
 4 SYSTEMPATH\Common.php(1184): CodeIgniter\View\View->render('produk/edit', [], true)
 5 APPPATH\Controllers\ProdukController.php(65): view('produk/edit', [...])
 6 SYSTEMPATH\CodeIgniter.php(934): App\Controllers\ProdukController->edit('assets', 'images', 'sidebar', 'img-4.jpg')
 7 SYSTEMPATH\CodeIgniter.php(499): CodeIgniter\CodeIgniter->runController(Object(App\Controllers\ProdukController))
 8 SYSTEMPATH\CodeIgniter.php(368): CodeIgniter\CodeIgniter->handleRequest(null, Object(Config\Cache), false)
 9 FCPATH\index.php(67): CodeIgniter\CodeIgniter->run()
10 SYSTEMPATH\Commands\Server\rewrite.php(47): require_once('C:\\xampp8-1\\htdocs\\sipt\\public\\index.php')
CRITICAL - 2023-10-01 06:55:58 --> Trying to access array offset on value of type null
in APPPATH\Views\produk\edit.php on line 25.
 1 APPPATH\Views\produk\edit.php(25): CodeIgniter\Debug\Exceptions->errorHandler(2, 'Trying to access array offset on value of type null', 'C:\\xampp8-1\\htdocs\\sipt\\app\\Views\\produk\\edit.php', 25)
 2 SYSTEMPATH\View\View.php(213): include('C:\\xampp8-1\\htdocs\\sipt\\app\\Views\\produk\\edit.php')
 3 SYSTEMPATH\View\View.php(216): CodeIgniter\View\View->CodeIgniter\View\{closure}()
 4 SYSTEMPATH\Common.php(1184): CodeIgniter\View\View->render('produk/edit', [], true)
 5 APPPATH\Controllers\ProdukController.php(65): view('produk/edit', [...])
 6 SYSTEMPATH\CodeIgniter.php(934): App\Controllers\ProdukController->edit('assets', 'images', 'sidebar', 'img-3.jpg')
 7 SYSTEMPATH\CodeIgniter.php(499): CodeIgniter\CodeIgniter->runController(Object(App\Controllers\ProdukController))
 8 SYSTEMPATH\CodeIgniter.php(368): CodeIgniter\CodeIgniter->handleRequest(null, Object(Config\Cache), false)
 9 FCPATH\index.php(67): CodeIgniter\CodeIgniter->run()
10 SYSTEMPATH\Commands\Server\rewrite.php(47): require_once('C:\\xampp8-1\\htdocs\\sipt\\public\\index.php')
INFO - 2023-10-01 06:56:15 --> Session: Class initialized using 'CodeIgniter\Session\Handlers\FileHandler' driver.
INFO - 2023-10-01 06:56:16 --> Session: Class initialized using 'CodeIgniter\Session\Handlers\FileHandler' driver.
INFO - 2023-10-01 06:56:20 --> Session: Class initialized using 'CodeIgniter\Session\Handlers\FileHandler' driver.
CRITICAL - 2023-10-01 06:56:22 --> Trying to access array offset on value of type null
in APPPATH\Views\produk\edit.php on line 25.
 1 APPPATH\Views\produk\edit.php(25): CodeIgniter\Debug\Exceptions->errorHandler(2, 'Trying to access array offset on value of type null', 'C:\\xampp8-1\\htdocs\\sipt\\app\\Views\\produk\\edit.php', 25)
 2 SYSTEMPATH\View\View.php(213): include('C:\\xampp8-1\\htdocs\\sipt\\app\\Views\\produk\\edit.php')
 3 SYSTEMPATH\View\View.php(216): CodeIgniter\View\View->CodeIgniter\View\{closure}()
 4 SYSTEMPATH\Common.php(1184): CodeIgniter\View\View->render('produk/edit', [], true)
 5 APPPATH\Controllers\ProdukController.php(65): view('produk/edit', [...])
 6 SYSTEMPATH\CodeIgniter.php(934): App\Controllers\ProdukController->edit('assets', 'libs', 'choices.js', 'public', 'assets', 'scripts', 'choices.min.js')
 7 SYSTEMPATH\CodeIgniter.php(499): CodeIgniter\CodeIgniter->runController(Object(App\Controllers\ProdukController))
 8 SYSTEMPATH\CodeIgniter.php(368): CodeIgniter\CodeIgniter->handleRequest(null, Object(Config\Cache), false)
 9 FCPATH\index.php(67): CodeIgniter\CodeIgniter->run()
10 SYSTEMPATH\Commands\Server\rewrite.php(47): require_once('C:\\xampp8-1\\htdocs\\sipt\\public\\index.php')
CRITICAL - 2023-10-01 06:56:22 --> Trying to access array offset on value of type null
in APPPATH\Views\produk\edit.php on line 25.
 1 APPPATH\Views\produk\edit.php(25): CodeIgniter\Debug\Exceptions->errorHandler(2, 'Trying to access array offset on value of type null', 'C:\\xampp8-1\\htdocs\\sipt\\app\\Views\\produk\\edit.php', 25)
 2 SYSTEMPATH\View\View.php(213): include('C:\\xampp8-1\\htdocs\\sipt\\app\\Views\\produk\\edit.php')
 3 SYSTEMPATH\View\View.php(216): CodeIgniter\View\View->CodeIgniter\View\{closure}()
 4 SYSTEMPATH\Common.php(1184): CodeIgniter\View\View->render('produk/edit', [], true)
 5 APPPATH\Controllers\ProdukController.php(65): view('produk/edit', [...])
 6 SYSTEMPATH\CodeIgniter.php(934): App\Controllers\ProdukController->edit('assets', 'libs', 'flatpickr', 'flatpickr.min.js')
 7 SYSTEMPATH\CodeIgniter.php(499): CodeIgniter\CodeIgniter->runController(Object(App\Controllers\ProdukController))
 8 SYSTEMPATH\CodeIgniter.php(368): CodeIgniter\CodeIgniter->handleRequest(null, Object(Config\Cache), false)
 9 FCPATH\index.php(67): CodeIgniter\CodeIgniter->run()
10 SYSTEMPATH\Commands\Server\rewrite.php(47): require_once('C:\\xampp8-1\\htdocs\\sipt\\public\\index.php')
CRITICAL - 2023-10-01 06:56:24 --> Trying to access array offset on value of type null
in APPPATH\Views\produk\edit.php on line 25.
 1 APPPATH\Views\produk\edit.php(25): CodeIgniter\Debug\Exceptions->errorHandler(2, 'Trying to access array offset on value of type null', 'C:\\xampp8-1\\htdocs\\sipt\\app\\Views\\produk\\edit.php', 25)
 2 SYSTEMPATH\View\View.php(213): include('C:\\xampp8-1\\htdocs\\sipt\\app\\Views\\produk\\edit.php')
 3 SYSTEMPATH\View\View.php(216): CodeIgniter\View\View->CodeIgniter\View\{closure}()
 4 SYSTEMPATH\Common.php(1184): CodeIgniter\View\View->render('produk/edit', [], true)
 5 APPPATH\Controllers\ProdukController.php(65): view('produk/edit', [...])
 6 SYSTEMPATH\CodeIgniter.php(934): App\Controllers\ProdukController->edit('assets', 'images', 'sidebar', 'img-1.jpg')
 7 SYSTEMPATH\CodeIgniter.php(499): CodeIgniter\CodeIgniter->runController(Object(App\Controllers\ProdukController))
 8 SYSTEMPATH\CodeIgniter.php(368): CodeIgniter\CodeIgniter->handleRequest(null, Object(Config\Cache), false)
 9 FCPATH\index.php(67): CodeIgniter\CodeIgniter->run()
10 SYSTEMPATH\Commands\Server\rewrite.php(47): require_once('C:\\xampp8-1\\htdocs\\sipt\\public\\index.php')
CRITICAL - 2023-10-01 06:56:25 --> Trying to access array offset on value of type null
in APPPATH\Views\produk\edit.php on line 25.
 1 APPPATH\Views\produk\edit.php(25): CodeIgniter\Debug\Exceptions->errorHandler(2, 'Trying to access array offset on value of type null', 'C:\\xampp8-1\\htdocs\\sipt\\app\\Views\\produk\\edit.php', 25)
 2 SYSTEMPATH\View\View.php(213): include('C:\\xampp8-1\\htdocs\\sipt\\app\\Views\\produk\\edit.php')
 3 SYSTEMPATH\View\View.php(216): CodeIgniter\View\View->CodeIgniter\View\{closure}()
 4 SYSTEMPATH\Common.php(1184): CodeIgniter\View\View->render('produk/edit', [], true)
 5 APPPATH\Controllers\ProdukController.php(65): view('produk/edit', [...])
 6 SYSTEMPATH\CodeIgniter.php(934): App\Controllers\ProdukController->edit('assets', 'images', 'sidebar', 'img-2.jpg')
 7 SYSTEMPATH\CodeIgniter.php(499): CodeIgniter\CodeIgniter->runController(Object(App\Controllers\ProdukController))
 8 SYSTEMPATH\CodeIgniter.php(368): CodeIgniter\CodeIgniter->handleRequest(null, Object(Config\Cache), false)
 9 FCPATH\index.php(67): CodeIgniter\CodeIgniter->run()
10 SYSTEMPATH\Commands\Server\rewrite.php(47): require_once('C:\\xampp8-1\\htdocs\\sipt\\public\\index.php')
CRITICAL - 2023-10-01 06:56:27 --> Trying to access array offset on value of type null
in APPPATH\Views\produk\edit.php on line 25.
 1 APPPATH\Views\produk\edit.php(25): CodeIgniter\Debug\Exceptions->errorHandler(2, 'Trying to access array offset on value of type null', 'C:\\xampp8-1\\htdocs\\sipt\\app\\Views\\produk\\edit.php', 25)
 2 SYSTEMPATH\View\View.php(213): include('C:\\xampp8-1\\htdocs\\sipt\\app\\Views\\produk\\edit.php')
 3 SYSTEMPATH\View\View.php(216): CodeIgniter\View\View->CodeIgniter\View\{closure}()
 4 SYSTEMPATH\Common.php(1184): CodeIgniter\View\View->render('produk/edit', [], true)
 5 APPPATH\Controllers\ProdukController.php(65): view('produk/edit', [...])
 6 SYSTEMPATH\CodeIgniter.php(934): App\Controllers\ProdukController->edit('assets', 'images', 'sidebar', 'img-3.jpg')
 7 SYSTEMPATH\CodeIgniter.php(499): CodeIgniter\CodeIgniter->runController(Object(App\Controllers\ProdukController))
 8 SYSTEMPATH\CodeIgniter.php(368): CodeIgniter\CodeIgniter->handleRequest(null, Object(Config\Cache), false)
 9 FCPATH\index.php(67): CodeIgniter\CodeIgniter->run()
10 SYSTEMPATH\Commands\Server\rewrite.php(47): require_once('C:\\xampp8-1\\htdocs\\sipt\\public\\index.php')
CRITICAL - 2023-10-01 06:56:27 --> Trying to access array offset on value of type null
in APPPATH\Views\produk\edit.php on line 25.
 1 APPPATH\Views\produk\edit.php(25): CodeIgniter\Debug\Exceptions->errorHandler(2, 'Trying to access array offset on value of type null', 'C:\\xampp8-1\\htdocs\\sipt\\app\\Views\\produk\\edit.php', 25)
 2 SYSTEMPATH\View\View.php(213): include('C:\\xampp8-1\\htdocs\\sipt\\app\\Views\\produk\\edit.php')
 3 SYSTEMPATH\View\View.php(216): CodeIgniter\View\View->CodeIgniter\View\{closure}()
 4 SYSTEMPATH\Common.php(1184): CodeIgniter\View\View->render('produk/edit', [], true)
 5 APPPATH\Controllers\ProdukController.php(65): view('produk/edit', [...])
 6 SYSTEMPATH\CodeIgniter.php(934): App\Controllers\ProdukController->edit('assets', 'images', 'sidebar', 'img-4.jpg')
 7 SYSTEMPATH\CodeIgniter.php(499): CodeIgniter\CodeIgniter->runController(Object(App\Controllers\ProdukController))
 8 SYSTEMPATH\CodeIgniter.php(368): CodeIgniter\CodeIgniter->handleRequest(null, Object(Config\Cache), false)
 9 FCPATH\index.php(67): CodeIgniter\CodeIgniter->run()
10 SYSTEMPATH\Commands\Server\rewrite.php(47): require_once('C:\\xampp8-1\\htdocs\\sipt\\public\\index.php')
INFO - 2023-10-01 06:56:30 --> Session: Class initialized using 'CodeIgniter\Session\Handlers\FileHandler' driver.
INFO - 2023-10-01 06:56:31 --> Session: Class initialized using 'CodeIgniter\Session\Handlers\FileHandler' driver.
INFO - 2023-10-01 06:56:37 --> Session: Class initialized using 'CodeIgniter\Session\Handlers\FileHandler' driver.
INFO - 2023-10-01 06:56:37 --> Session: Class initialized using 'CodeIgniter\Session\Handlers\FileHandler' driver.
INFO - 2023-10-01 06:57:35 --> Session: Class initialized using 'CodeIgniter\Session\Handlers\FileHandler' driver.
INFO - 2023-10-01 06:57:38 --> Session: Class initialized using 'CodeIgniter\Session\Handlers\FileHandler' driver.
INFO - 2023-10-01 06:58:33 --> Session: Class initialized using 'CodeIgniter\Session\Handlers\FileHandler' driver.
INFO - 2023-10-01 06:58:38 --> Session: Class initialized using 'CodeIgniter\Session\Handlers\FileHandler' driver.
INFO - 2023-10-01 06:58:39 --> Session: Class initialized using 'CodeIgniter\Session\Handlers\FileHandler' driver.
INFO - 2023-10-01 06:59:03 --> Session: Class initialized using 'CodeIgniter\Session\Handlers\FileHandler' driver.
INFO - 2023-10-01 07:19:19 --> Session: Class initialized using 'CodeIgniter\Session\Handlers\FileHandler' driver.
INFO - 2023-10-01 07:21:39 --> Session: Class initialized using 'CodeIgniter\Session\Handlers\FileHandler' driver.
INFO - 2023-10-01 07:21:51 --> Session: Class initialized using 'CodeIgniter\Session\Handlers\FileHandler' driver.
INFO - 2023-10-01 07:21:52 --> Session: Class initialized using 'CodeIgniter\Session\Handlers\FileHandler' driver.
CRITICAL - 2023-10-01 07:21:55 --> Call to a member function findAll() on null
in APPPATH\Controllers\HomeController.php on line 12.
 1 SYSTEMPATH\CodeIgniter.php(934): App\Controllers\HomeController->index()
 2 SYSTEMPATH\CodeIgniter.php(499): CodeIgniter\CodeIgniter->runController(Object(App\Controllers\HomeController))
 3 SYSTEMPATH\CodeIgniter.php(368): CodeIgniter\CodeIgniter->handleRequest(null, Object(Config\Cache), false)
 4 FCPATH\index.php(67): CodeIgniter\CodeIgniter->run()
 5 SYSTEMPATH\Commands\Server\rewrite.php(47): require_once('C:\\xampp8-1\\htdocs\\sipt\\public\\index.php')
INFO - 2023-10-01 07:48:32 --> Session: Class initialized using 'CodeIgniter\Session\Handlers\FileHandler' driver.
INFO - 2023-10-01 07:48:38 --> Session: Class initialized using 'CodeIgniter\Session\Handlers\FileHandler' driver.
INFO - 2023-10-01 07:48:39 --> Session: Class initialized using 'CodeIgniter\Session\Handlers\FileHandler' driver.
INFO - 2023-10-01 07:48:48 --> Session: Class initialized using 'CodeIgniter\Session\Handlers\FileHandler' driver.
INFO - 2023-10-01 07:49:05 --> Session: Class initialized using 'CodeIgniter\Session\Handlers\FileHandler' driver.
CRITICAL - 2023-10-01 07:49:07 --> Trying to access array offset on value of type null
in APPPATH\Views\produk\edit.php on line 25.
 1 APPPATH\Views\produk\edit.php(25): CodeIgniter\Debug\Exceptions->errorHandler(2, 'Trying to access array offset on value of type null', 'C:\\xampp8-1\\htdocs\\sipt\\app\\Views\\produk\\edit.php', 25)
 2 SYSTEMPATH\View\View.php(213): include('C:\\xampp8-1\\htdocs\\sipt\\app\\Views\\produk\\edit.php')
 3 SYSTEMPATH\View\View.php(216): CodeIgniter\View\View->CodeIgniter\View\{closure}()
 4 SYSTEMPATH\Common.php(1184): CodeIgniter\View\View->render('produk/edit', [], true)
 5 APPPATH\Controllers\ProdukController.php(65): view('produk/edit', [...])
 6 SYSTEMPATH\CodeIgniter.php(934): App\Controllers\ProdukController->edit('assets', 'libs', 'choices.js', 'public', 'assets', 'scripts', 'choices.min.js')
 7 SYSTEMPATH\CodeIgniter.php(499): CodeIgniter\CodeIgniter->runController(Object(App\Controllers\ProdukController))
 8 SYSTEMPATH\CodeIgniter.php(368): CodeIgniter\CodeIgniter->handleRequest(null, Object(Config\Cache), false)
 9 FCPATH\index.php(67): CodeIgniter\CodeIgniter->run()
10 SYSTEMPATH\Commands\Server\rewrite.php(47): require_once('C:\\xampp8-1\\htdocs\\sipt\\public\\index.php')
CRITICAL - 2023-10-01 07:49:08 --> Trying to access array offset on value of type null
in APPPATH\Views\produk\edit.php on line 25.
 1 APPPATH\Views\produk\edit.php(25): CodeIgniter\Debug\Exceptions->errorHandler(2, 'Trying to access array offset on value of type null', 'C:\\xampp8-1\\htdocs\\sipt\\app\\Views\\produk\\edit.php', 25)
 2 SYSTEMPATH\View\View.php(213): include('C:\\xampp8-1\\htdocs\\sipt\\app\\Views\\produk\\edit.php')
 3 SYSTEMPATH\View\View.php(216): CodeIgniter\View\View->CodeIgniter\View\{closure}()
 4 SYSTEMPATH\Common.php(1184): CodeIgniter\View\View->render('produk/edit', [], true)
 5 APPPATH\Controllers\ProdukController.php(65): view('produk/edit', [...])
 6 SYSTEMPATH\CodeIgniter.php(934): App\Controllers\ProdukController->edit('assets', 'libs', 'flatpickr', 'flatpickr.min.js')
 7 SYSTEMPATH\CodeIgniter.php(499): CodeIgniter\CodeIgniter->runController(Object(App\Controllers\ProdukController))
 8 SYSTEMPATH\CodeIgniter.php(368): CodeIgniter\CodeIgniter->handleRequest(null, Object(Config\Cache), false)
 9 FCPATH\index.php(67): CodeIgniter\CodeIgniter->run()
10 SYSTEMPATH\Commands\Server\rewrite.php(47): require_once('C:\\xampp8-1\\htdocs\\sipt\\public\\index.php')
CRITICAL - 2023-10-01 07:49:09 --> Trying to access array offset on value of type null
in APPPATH\Views\produk\edit.php on line 25.
 1 APPPATH\Views\produk\edit.php(25): CodeIgniter\Debug\Exceptions->errorHandler(2, 'Trying to access array offset on value of type null', 'C:\\xampp8-1\\htdocs\\sipt\\app\\Views\\produk\\edit.php', 25)
 2 SYSTEMPATH\View\View.php(213): include('C:\\xampp8-1\\htdocs\\sipt\\app\\Views\\produk\\edit.php')
 3 SYSTEMPATH\View\View.php(216): CodeIgniter\View\View->CodeIgniter\View\{closure}()
 4 SYSTEMPATH\Common.php(1184): CodeIgniter\View\View->render('produk/edit', [], true)
 5 APPPATH\Controllers\ProdukController.php(65): view('produk/edit', [...])
 6 SYSTEMPATH\CodeIgniter.php(934): App\Controllers\ProdukController->edit('assets', 'images', 'sidebar', 'img-1.jpg')
 7 SYSTEMPATH\CodeIgniter.php(499): CodeIgniter\CodeIgniter->runController(Object(App\Controllers\ProdukController))
 8 SYSTEMPATH\CodeIgniter.php(368): CodeIgniter\CodeIgniter->handleRequest(null, Object(Config\Cache), false)
 9 FCPATH\index.php(67): CodeIgniter\CodeIgniter->run()
10 SYSTEMPATH\Commands\Server\rewrite.php(47): require_once('C:\\xampp8-1\\htdocs\\sipt\\public\\index.php')
CRITICAL - 2023-10-01 07:49:09 --> Trying to access array offset on value of type null
in APPPATH\Views\produk\edit.php on line 25.
 1 APPPATH\Views\produk\edit.php(25): CodeIgniter\Debug\Exceptions->errorHandler(2, 'Trying to access array offset on value of type null', 'C:\\xampp8-1\\htdocs\\sipt\\app\\Views\\produk\\edit.php', 25)
 2 SYSTEMPATH\View\View.php(213): include('C:\\xampp8-1\\htdocs\\sipt\\app\\Views\\produk\\edit.php')
 3 SYSTEMPATH\View\View.php(216): CodeIgniter\View\View->CodeIgniter\View\{closure}()
 4 SYSTEMPATH\Common.php(1184): CodeIgniter\View\View->render('produk/edit', [], true)
 5 APPPATH\Controllers\ProdukController.php(65): view('produk/edit', [...])
 6 SYSTEMPATH\CodeIgniter.php(934): App\Controllers\ProdukController->edit('assets', 'images', 'sidebar', 'img-2.jpg')
 7 SYSTEMPATH\CodeIgniter.php(499): CodeIgniter\CodeIgniter->runController(Object(App\Controllers\ProdukController))
 8 SYSTEMPATH\CodeIgniter.php(368): CodeIgniter\CodeIgniter->handleRequest(null, Object(Config\Cache), false)
 9 FCPATH\index.php(67): CodeIgniter\CodeIgniter->run()
10 SYSTEMPATH\Commands\Server\rewrite.php(47): require_once('C:\\xampp8-1\\htdocs\\sipt\\public\\index.php')
CRITICAL - 2023-10-01 07:49:10 --> Trying to access array offset on value of type null
in APPPATH\Views\produk\edit.php on line 25.
 1 APPPATH\Views\produk\edit.php(25): CodeIgniter\Debug\Exceptions->errorHandler(2, 'Trying to access array offset on value of type null', 'C:\\xampp8-1\\htdocs\\sipt\\app\\Views\\produk\\edit.php', 25)
 2 SYSTEMPATH\View\View.php(213): include('C:\\xampp8-1\\htdocs\\sipt\\app\\Views\\produk\\edit.php')
 3 SYSTEMPATH\View\View.php(216): CodeIgniter\View\View->CodeIgniter\View\{closure}()
 4 SYSTEMPATH\Common.php(1184): CodeIgniter\View\View->render('produk/edit', [], true)
 5 APPPATH\Controllers\ProdukController.php(65): view('produk/edit', [...])
 6 SYSTEMPATH\CodeIgniter.php(934): App\Controllers\ProdukController->edit('assets', 'images', 'sidebar', 'img-3.jpg')
 7 SYSTEMPATH\CodeIgniter.php(499): CodeIgniter\CodeIgniter->runController(Object(App\Controllers\ProdukController))
 8 SYSTEMPATH\CodeIgniter.php(368): CodeIgniter\CodeIgniter->handleRequest(null, Object(Config\Cache), false)
 9 FCPATH\index.php(67): CodeIgniter\CodeIgniter->run()
10 SYSTEMPATH\Commands\Server\rewrite.php(47): require_once('C:\\xampp8-1\\htdocs\\sipt\\public\\index.php')
CRITICAL - 2023-10-01 07:49:12 --> Trying to access array offset on value of type null
in APPPATH\Views\produk\edit.php on line 25.
 1 APPPATH\Views\produk\edit.php(25): CodeIgniter\Debug\Exceptions->errorHandler(2, 'Trying to access array offset on value of type null', 'C:\\xampp8-1\\htdocs\\sipt\\app\\Views\\produk\\edit.php', 25)
 2 SYSTEMPATH\View\View.php(213): include('C:\\xampp8-1\\htdocs\\sipt\\app\\Views\\produk\\edit.php')
 3 SYSTEMPATH\View\View.php(216): CodeIgniter\View\View->CodeIgniter\View\{closure}()
 4 SYSTEMPATH\Common.php(1184): CodeIgniter\View\View->render('produk/edit', [], true)
 5 APPPATH\Controllers\ProdukController.php(65): view('produk/edit', [...])
 6 SYSTEMPATH\CodeIgniter.php(934): App\Controllers\ProdukController->edit('assets', 'images', 'sidebar', 'img-4.jpg')
 7 SYSTEMPATH\CodeIgniter.php(499): CodeIgniter\CodeIgniter->runController(Object(App\Controllers\ProdukController))
 8 SYSTEMPATH\CodeIgniter.php(368): CodeIgniter\CodeIgniter->handleRequest(null, Object(Config\Cache), false)
 9 FCPATH\index.php(67): CodeIgniter\CodeIgniter->run()
10 SYSTEMPATH\Commands\Server\rewrite.php(47): require_once('C:\\xampp8-1\\htdocs\\sipt\\public\\index.php')
INFO - 2023-10-01 07:49:17 --> Session: Class initialized using 'CodeIgniter\Session\Handlers\FileHandler' driver.
INFO - 2023-10-01 07:49:18 --> Session: Class initialized using 'CodeIgniter\Session\Handlers\FileHandler' driver.
