ERROR - 2023-10-22 04:00:17 --> Error connecting to the database: mysqli_sql_exception: No connection could be made because the target machine actively refused it in C:\xampp8-1\htdocs\sipt\system\Database\MySQLi\Connection.php:174
Stack trace:
#0 C:\xampp8-1\htdocs\sipt\system\Database\MySQLi\Connection.php(174): mysqli->real_connect('localhost', 'root', '', 'sipt', 3306, '', 0)
#1 C:\xampp8-1\htdocs\sipt\system\Database\BaseConnection.php(391): CodeIgniter\Database\MySQLi\Connection->connect(false)
#2 C:\xampp8-1\htdocs\sipt\system\Database\BaseConnection.php(574): CodeIgniter\Database\BaseConnection->initialize()
#3 C:\xampp8-1\htdocs\sipt\system\Database\BaseBuilder.php(1616): CodeIgniter\Database\BaseConnection->query('SELECT *\nFROM `...', Array, false)
#4 C:\xampp8-1\htdocs\sipt\system\Model.php(241): CodeIgniter\Database\BaseBuilder->get()
#5 C:\xampp8-1\htdocs\sipt\system\BaseModel.php(618): CodeIgniter\Model->doFindAll(0, 0)
#6 C:\xampp8-1\htdocs\sipt\app\Controllers\HomeController.php(19): CodeIgniter\BaseModel->findAll()
#7 C:\xampp8-1\htdocs\sipt\system\CodeIgniter.php(934): App\Controllers\HomeController->index()
#8 C:\xampp8-1\htdocs\sipt\system\CodeIgniter.php(499): CodeIgniter\CodeIgniter->runController(Object(App\Controllers\HomeController))
#9 C:\xampp8-1\htdocs\sipt\system\CodeIgniter.php(368): CodeIgniter\CodeIgniter->handleRequest(NULL, Object(Config\Cache), false)
#10 C:\xampp8-1\htdocs\sipt\public\index.php(67): CodeIgniter\CodeIgniter->run()
#11 C:\xampp8-1\htdocs\sipt\system\Commands\Server\rewrite.php(47): require_once('C:\\xampp8-1\\htd...')
#12 {main}

Next CodeIgniter\Database\Exceptions\DatabaseException: No connection could be made because the target machine actively refused it in C:\xampp8-1\htdocs\sipt\system\Database\MySQLi\Connection.php:218
Stack trace:
#0 C:\xampp8-1\htdocs\sipt\system\Database\BaseConnection.php(391): CodeIgniter\Database\MySQLi\Connection->connect(false)
#1 C:\xampp8-1\htdocs\sipt\system\Database\BaseConnection.php(574): CodeIgniter\Database\BaseConnection->initialize()
#2 C:\xampp8-1\htdocs\sipt\system\Database\BaseBuilder.php(1616): CodeIgniter\Database\BaseConnection->query('SELECT *\nFROM `...', Array, false)
#3 C:\xampp8-1\htdocs\sipt\system\Model.php(241): CodeIgniter\Database\BaseBuilder->get()
#4 C:\xampp8-1\htdocs\sipt\system\BaseModel.php(618): CodeIgniter\Model->doFindAll(0, 0)
#5 C:\xampp8-1\htdocs\sipt\app\Controllers\HomeController.php(19): CodeIgniter\BaseModel->findAll()
#6 C:\xampp8-1\htdocs\sipt\system\CodeIgniter.php(934): App\Controllers\HomeController->index()
#7 C:\xampp8-1\htdocs\sipt\system\CodeIgniter.php(499): CodeIgniter\CodeIgniter->runController(Object(App\Controllers\HomeController))
#8 C:\xampp8-1\htdocs\sipt\system\CodeIgniter.php(368): CodeIgniter\CodeIgniter->handleRequest(NULL, Object(Config\Cache), false)
#9 C:\xampp8-1\htdocs\sipt\public\index.php(67): CodeIgniter\CodeIgniter->run()
#10 C:\xampp8-1\htdocs\sipt\system\Commands\Server\rewrite.php(47): require_once('C:\\xampp8-1\\htd...')
#11 {main}
CRITICAL - 2023-10-22 04:00:17 --> Unable to connect to the database.
Main connection [MySQLi]: No connection could be made because the target machine actively refused it
in SYSTEMPATH\Database\BaseConnection.php on line 427.
 1 SYSTEMPATH\Database\BaseConnection.php(574): CodeIgniter\Database\BaseConnection->initialize()
 2 SYSTEMPATH\Database\BaseBuilder.php(1616): CodeIgniter\Database\BaseConnection->query('SELECT *
FROM `tbl_produk`', [], false)
 3 SYSTEMPATH\Model.php(241): CodeIgniter\Database\BaseBuilder->get()
 4 SYSTEMPATH\BaseModel.php(618): CodeIgniter\Model->doFindAll(0, 0)
 5 APPPATH\Controllers\HomeController.php(19): CodeIgniter\BaseModel->findAll()
 6 SYSTEMPATH\CodeIgniter.php(934): App\Controllers\HomeController->index()
 7 SYSTEMPATH\CodeIgniter.php(499): CodeIgniter\CodeIgniter->runController(Object(App\Controllers\HomeController))
 8 SYSTEMPATH\CodeIgniter.php(368): CodeIgniter\CodeIgniter->handleRequest(null, Object(Config\Cache), false)
 9 FCPATH\index.php(67): CodeIgniter\CodeIgniter->run()
10 SYSTEMPATH\Commands\Server\rewrite.php(47): require_once('C:\\xampp8-1\\htdocs\\sipt\\public\\index.php')
INFO - 2023-10-22 04:02:08 --> Session: Class initialized using 'CodeIgniter\Session\Handlers\FileHandler' driver.
INFO - 2023-10-22 04:10:16 --> Session: Class initialized using 'CodeIgniter\Session\Handlers\FileHandler' driver.
INFO - 2023-10-22 04:10:20 --> Session: Class initialized using 'CodeIgniter\Session\Handlers\FileHandler' driver.
INFO - 2023-10-22 04:10:29 --> Session: Class initialized using 'CodeIgniter\Session\Handlers\FileHandler' driver.
INFO - 2023-10-22 04:10:29 --> Session: Class initialized using 'CodeIgniter\Session\Handlers\FileHandler' driver.
INFO - 2023-10-22 04:10:36 --> Session: Class initialized using 'CodeIgniter\Session\Handlers\FileHandler' driver.
INFO - 2023-10-22 04:10:40 --> Session: Class initialized using 'CodeIgniter\Session\Handlers\FileHandler' driver.
INFO - 2023-10-22 04:53:49 --> Session: Class initialized using 'CodeIgniter\Session\Handlers\FileHandler' driver.
CRITICAL - 2023-10-22 05:07:05 --> Undefined variable $products
in APPPATH\Views\dashboard\index.php on line 48.
 1 APPPATH\Views\dashboard\index.php(48): CodeIgniter\Debug\Exceptions->errorHandler(2, 'Undefined variable $products', 'C:\\xampp8-1\\htdocs\\sipt\\app\\Views\\dashboard\\index.php', 48)
 2 SYSTEMPATH\View\View.php(213): include('C:\\xampp8-1\\htdocs\\sipt\\app\\Views\\dashboard\\index.php')
 3 SYSTEMPATH\View\View.php(216): CodeIgniter\View\View->CodeIgniter\View\{closure}()
 4 SYSTEMPATH\Common.php(1184): CodeIgniter\View\View->render('dashboard/index', [], true)
 5 APPPATH\Controllers\DashboardController.php(23): view('dashboard/index', [...])
 6 SYSTEMPATH\CodeIgniter.php(934): App\Controllers\DashboardController->index()
 7 SYSTEMPATH\CodeIgniter.php(499): CodeIgniter\CodeIgniter->runController(Object(App\Controllers\DashboardController))
 8 SYSTEMPATH\CodeIgniter.php(368): CodeIgniter\CodeIgniter->handleRequest(null, Object(Config\Cache), false)
 9 FCPATH\index.php(67): CodeIgniter\CodeIgniter->run()
10 SYSTEMPATH\Commands\Server\rewrite.php(47): require_once('C:\\xampp8-1\\htdocs\\sipt\\public\\index.php')
CRITICAL - 2023-10-22 05:07:05 --> Undefined variable $products
in APPPATH\Views\dashboard\index.php on line 48.
 1 APPPATH\Views\dashboard\index.php(48): CodeIgniter\Debug\Exceptions->errorHandler(2, 'Undefined variable $products', 'C:\\xampp8-1\\htdocs\\sipt\\app\\Views\\dashboard\\index.php', 48)
 2 SYSTEMPATH\View\View.php(213): include('C:\\xampp8-1\\htdocs\\sipt\\app\\Views\\dashboard\\index.php')
 3 SYSTEMPATH\View\View.php(216): CodeIgniter\View\View->CodeIgniter\View\{closure}()
 4 SYSTEMPATH\Common.php(1184): CodeIgniter\View\View->render('dashboard/index', [], true)
 5 APPPATH\Controllers\DashboardController.php(23): view('dashboard/index', [...])
 6 SYSTEMPATH\CodeIgniter.php(934): App\Controllers\DashboardController->index()
 7 SYSTEMPATH\CodeIgniter.php(499): CodeIgniter\CodeIgniter->runController(Object(App\Controllers\DashboardController))
 8 SYSTEMPATH\CodeIgniter.php(368): CodeIgniter\CodeIgniter->handleRequest(null, Object(Config\Cache), false)
 9 FCPATH\index.php(67): CodeIgniter\CodeIgniter->run()
10 SYSTEMPATH\Commands\Server\rewrite.php(47): require_once('C:\\xampp8-1\\htdocs\\sipt\\public\\index.php')
INFO - 2023-10-22 05:07:17 --> Session: Class initialized using 'CodeIgniter\Session\Handlers\FileHandler' driver.
INFO - 2023-10-22 05:07:46 --> Session: Class initialized using 'CodeIgniter\Session\Handlers\FileHandler' driver.
INFO - 2023-10-22 05:08:06 --> Session: Class initialized using 'CodeIgniter\Session\Handlers\FileHandler' driver.
INFO - 2023-10-22 05:09:16 --> Session: Class initialized using 'CodeIgniter\Session\Handlers\FileHandler' driver.
INFO - 2023-10-22 05:09:27 --> Session: Class initialized using 'CodeIgniter\Session\Handlers\FileHandler' driver.
INFO - 2023-10-22 05:09:27 --> Session: Class initialized using 'CodeIgniter\Session\Handlers\FileHandler' driver.
INFO - 2023-10-22 05:09:33 --> Session: Class initialized using 'CodeIgniter\Session\Handlers\FileHandler' driver.
