INFO - 2023-07-12 12:11:56 --> Session: Class initialized using 'CodeIgniter\Session\Handlers\FileHandler' driver.
INFO - 2023-07-12 12:12:08 --> Session: Class initialized using 'CodeIgniter\Session\Handlers\FileHandler' driver.
INFO - 2023-07-12 12:12:08 --> Session: Class initialized using 'CodeIgniter\Session\Handlers\FileHandler' driver.
INFO - 2023-07-12 12:12:15 --> Session: Class initialized using 'CodeIgniter\Session\Handlers\FileHandler' driver.
INFO - 2023-07-12 12:12:15 --> Session: Class initialized using 'CodeIgniter\Session\Handlers\FileHandler' driver.
INFO - 2023-07-12 12:14:49 --> Session: Class initialized using 'CodeIgniter\Session\Handlers\FileHandler' driver.
INFO - 2023-07-12 12:14:54 --> Session: Class initialized using 'CodeIgniter\Session\Handlers\FileHandler' driver.
INFO - 2023-07-12 12:14:54 --> Session: Class initialized using 'CodeIgniter\Session\Handlers\FileHandler' driver.
INFO - 2023-07-12 12:15:14 --> Session: Class initialized using 'CodeIgniter\Session\Handlers\FileHandler' driver.
INFO - 2023-07-12 12:15:14 --> Session: Class initialized using 'CodeIgniter\Session\Handlers\FileHandler' driver.
INFO - 2023-07-12 12:15:20 --> Session: Class initialized using 'CodeIgniter\Session\Handlers\FileHandler' driver.
INFO - 2023-07-12 12:15:44 --> Session: Class initialized using 'CodeIgniter\Session\Handlers\FileHandler' driver.
INFO - 2023-07-12 12:17:35 --> Session: Class initialized using 'CodeIgniter\Session\Handlers\FileHandler' driver.
INFO - 2023-07-12 12:17:57 --> Session: Class initialized using 'CodeIgniter\Session\Handlers\FileHandler' driver.
INFO - 2023-07-12 12:18:18 --> Session: Class initialized using 'CodeIgniter\Session\Handlers\FileHandler' driver.
INFO - 2023-07-12 12:18:43 --> Session: Class initialized using 'CodeIgniter\Session\Handlers\FileHandler' driver.
INFO - 2023-07-12 12:18:56 --> Session: Class initialized using 'CodeIgniter\Session\Handlers\FileHandler' driver.
INFO - 2023-07-12 12:19:08 --> Session: Class initialized using 'CodeIgniter\Session\Handlers\FileHandler' driver.
INFO - 2023-07-12 12:19:16 --> Session: Class initialized using 'CodeIgniter\Session\Handlers\FileHandler' driver.
INFO - 2023-07-12 12:19:17 --> Session: Class initialized using 'CodeIgniter\Session\Handlers\FileHandler' driver.
INFO - 2023-07-12 12:21:28 --> Session: Class initialized using 'CodeIgniter\Session\Handlers\FileHandler' driver.
INFO - 2023-07-12 12:21:36 --> Session: Class initialized using 'CodeIgniter\Session\Handlers\FileHandler' driver.
CRITICAL - 2023-07-12 12:21:37 --> Trying to access array offset on value of type null
in APPPATH\Views\user\edit.php on line 25.
 1 APPPATH\Views\user\edit.php(25): CodeIgniter\Debug\Exceptions->errorHandler(2, 'Trying to access array offset on value of type null', 'C:\\laragon\\www\\sobarang\\app\\Views\\user\\edit.php', 25)
 2 SYSTEMPATH\View\View.php(213): include('C:\\laragon\\www\\sobarang\\app\\Views\\user\\edit.php')
 3 SYSTEMPATH\View\View.php(216): CodeIgniter\View\View->CodeIgniter\View\{closure}()
 4 SYSTEMPATH\Common.php(1184): CodeIgniter\View\View->render('user/edit', [], true)
 5 APPPATH\Controllers\UserController.php(60): view('user/edit', [...])
 6 SYSTEMPATH\CodeIgniter.php(934): App\Controllers\UserController->edit('assets', 'images', 'sidebar', 'img-1.jpg')
 7 SYSTEMPATH\CodeIgniter.php(499): CodeIgniter\CodeIgniter->runController(Object(App\Controllers\UserController))
 8 SYSTEMPATH\CodeIgniter.php(368): CodeIgniter\CodeIgniter->handleRequest(null, Object(Config\Cache), false)
 9 FCPATH\index.php(67): CodeIgniter\CodeIgniter->run()
10 SYSTEMPATH\Commands\Server\rewrite.php(47): require_once('C:\\laragon\\www\\sobarang\\public\\index.php')
CRITICAL - 2023-07-12 12:21:37 --> Trying to access array offset on value of type null
in APPPATH\Views\user\edit.php on line 25.
 1 APPPATH\Views\user\edit.php(25): CodeIgniter\Debug\Exceptions->errorHandler(2, 'Trying to access array offset on value of type null', 'C:\\laragon\\www\\sobarang\\app\\Views\\user\\edit.php', 25)
 2 SYSTEMPATH\View\View.php(213): include('C:\\laragon\\www\\sobarang\\app\\Views\\user\\edit.php')
 3 SYSTEMPATH\View\View.php(216): CodeIgniter\View\View->CodeIgniter\View\{closure}()
 4 SYSTEMPATH\Common.php(1184): CodeIgniter\View\View->render('user/edit', [], true)
 5 APPPATH\Controllers\UserController.php(60): view('user/edit', [...])
 6 SYSTEMPATH\CodeIgniter.php(934): App\Controllers\UserController->edit('assets', 'images', 'sidebar', 'img-2.jpg')
 7 SYSTEMPATH\CodeIgniter.php(499): CodeIgniter\CodeIgniter->runController(Object(App\Controllers\UserController))
 8 SYSTEMPATH\CodeIgniter.php(368): CodeIgniter\CodeIgniter->handleRequest(null, Object(Config\Cache), false)
 9 FCPATH\index.php(67): CodeIgniter\CodeIgniter->run()
10 SYSTEMPATH\Commands\Server\rewrite.php(47): require_once('C:\\laragon\\www\\sobarang\\public\\index.php')
CRITICAL - 2023-07-12 12:21:38 --> Trying to access array offset on value of type null
in APPPATH\Views\user\edit.php on line 25.
 1 APPPATH\Views\user\edit.php(25): CodeIgniter\Debug\Exceptions->errorHandler(2, 'Trying to access array offset on value of type null', 'C:\\laragon\\www\\sobarang\\app\\Views\\user\\edit.php', 25)
 2 SYSTEMPATH\View\View.php(213): include('C:\\laragon\\www\\sobarang\\app\\Views\\user\\edit.php')
 3 SYSTEMPATH\View\View.php(216): CodeIgniter\View\View->CodeIgniter\View\{closure}()
 4 SYSTEMPATH\Common.php(1184): CodeIgniter\View\View->render('user/edit', [], true)
 5 APPPATH\Controllers\UserController.php(60): view('user/edit', [...])
 6 SYSTEMPATH\CodeIgniter.php(934): App\Controllers\UserController->edit('assets', 'images', 'sidebar', 'img-3.jpg')
 7 SYSTEMPATH\CodeIgniter.php(499): CodeIgniter\CodeIgniter->runController(Object(App\Controllers\UserController))
 8 SYSTEMPATH\CodeIgniter.php(368): CodeIgniter\CodeIgniter->handleRequest(null, Object(Config\Cache), false)
 9 FCPATH\index.php(67): CodeIgniter\CodeIgniter->run()
10 SYSTEMPATH\Commands\Server\rewrite.php(47): require_once('C:\\laragon\\www\\sobarang\\public\\index.php')
CRITICAL - 2023-07-12 12:21:38 --> Trying to access array offset on value of type null
in APPPATH\Views\user\edit.php on line 25.
 1 APPPATH\Views\user\edit.php(25): CodeIgniter\Debug\Exceptions->errorHandler(2, 'Trying to access array offset on value of type null', 'C:\\laragon\\www\\sobarang\\app\\Views\\user\\edit.php', 25)
 2 SYSTEMPATH\View\View.php(213): include('C:\\laragon\\www\\sobarang\\app\\Views\\user\\edit.php')
 3 SYSTEMPATH\View\View.php(216): CodeIgniter\View\View->CodeIgniter\View\{closure}()
 4 SYSTEMPATH\Common.php(1184): CodeIgniter\View\View->render('user/edit', [], true)
 5 APPPATH\Controllers\UserController.php(60): view('user/edit', [...])
 6 SYSTEMPATH\CodeIgniter.php(934): App\Controllers\UserController->edit('assets', 'libs', 'choices.js', 'public', 'assets', 'scripts', 'choices.min.js')
 7 SYSTEMPATH\CodeIgniter.php(499): CodeIgniter\CodeIgniter->runController(Object(App\Controllers\UserController))
 8 SYSTEMPATH\CodeIgniter.php(368): CodeIgniter\CodeIgniter->handleRequest(null, Object(Config\Cache), false)
 9 FCPATH\index.php(67): CodeIgniter\CodeIgniter->run()
10 SYSTEMPATH\Commands\Server\rewrite.php(47): require_once('C:\\laragon\\www\\sobarang\\public\\index.php')
CRITICAL - 2023-07-12 12:21:39 --> Trying to access array offset on value of type null
in APPPATH\Views\user\edit.php on line 25.
 1 APPPATH\Views\user\edit.php(25): CodeIgniter\Debug\Exceptions->errorHandler(2, 'Trying to access array offset on value of type null', 'C:\\laragon\\www\\sobarang\\app\\Views\\user\\edit.php', 25)
 2 SYSTEMPATH\View\View.php(213): include('C:\\laragon\\www\\sobarang\\app\\Views\\user\\edit.php')
 3 SYSTEMPATH\View\View.php(216): CodeIgniter\View\View->CodeIgniter\View\{closure}()
 4 SYSTEMPATH\Common.php(1184): CodeIgniter\View\View->render('user/edit', [], true)
 5 APPPATH\Controllers\UserController.php(60): view('user/edit', [...])
 6 SYSTEMPATH\CodeIgniter.php(934): App\Controllers\UserController->edit('assets', 'libs', 'flatpickr', 'flatpickr.min.js')
 7 SYSTEMPATH\CodeIgniter.php(499): CodeIgniter\CodeIgniter->runController(Object(App\Controllers\UserController))
 8 SYSTEMPATH\CodeIgniter.php(368): CodeIgniter\CodeIgniter->handleRequest(null, Object(Config\Cache), false)
 9 FCPATH\index.php(67): CodeIgniter\CodeIgniter->run()
10 SYSTEMPATH\Commands\Server\rewrite.php(47): require_once('C:\\laragon\\www\\sobarang\\public\\index.php')
CRITICAL - 2023-07-12 12:21:39 --> Trying to access array offset on value of type null
in APPPATH\Views\user\edit.php on line 25.
 1 APPPATH\Views\user\edit.php(25): CodeIgniter\Debug\Exceptions->errorHandler(2, 'Trying to access array offset on value of type null', 'C:\\laragon\\www\\sobarang\\app\\Views\\user\\edit.php', 25)
 2 SYSTEMPATH\View\View.php(213): include('C:\\laragon\\www\\sobarang\\app\\Views\\user\\edit.php')
 3 SYSTEMPATH\View\View.php(216): CodeIgniter\View\View->CodeIgniter\View\{closure}()
 4 SYSTEMPATH\Common.php(1184): CodeIgniter\View\View->render('user/edit', [], true)
 5 APPPATH\Controllers\UserController.php(60): view('user/edit', [...])
 6 SYSTEMPATH\CodeIgniter.php(934): App\Controllers\UserController->edit('assets', 'images', 'sidebar', 'img-4.jpg')
 7 SYSTEMPATH\CodeIgniter.php(499): CodeIgniter\CodeIgniter->runController(Object(App\Controllers\UserController))
 8 SYSTEMPATH\CodeIgniter.php(368): CodeIgniter\CodeIgniter->handleRequest(null, Object(Config\Cache), false)
 9 FCPATH\index.php(67): CodeIgniter\CodeIgniter->run()
10 SYSTEMPATH\Commands\Server\rewrite.php(47): require_once('C:\\laragon\\www\\sobarang\\public\\index.php')
INFO - 2023-07-12 12:21:58 --> Session: Class initialized using 'CodeIgniter\Session\Handlers\FileHandler' driver.
CRITICAL - 2023-07-12 12:22:00 --> Trying to access array offset on value of type null
in APPPATH\Views\user\edit.php on line 25.
 1 APPPATH\Views\user\edit.php(25): CodeIgniter\Debug\Exceptions->errorHandler(2, 'Trying to access array offset on value of type null', 'C:\\laragon\\www\\sobarang\\app\\Views\\user\\edit.php', 25)
 2 SYSTEMPATH\View\View.php(213): include('C:\\laragon\\www\\sobarang\\app\\Views\\user\\edit.php')
 3 SYSTEMPATH\View\View.php(216): CodeIgniter\View\View->CodeIgniter\View\{closure}()
 4 SYSTEMPATH\Common.php(1184): CodeIgniter\View\View->render('user/edit', [], true)
 5 APPPATH\Controllers\UserController.php(60): view('user/edit', [...])
 6 SYSTEMPATH\CodeIgniter.php(934): App\Controllers\UserController->edit('assets', 'images', 'sidebar', 'img-1.jpg')
 7 SYSTEMPATH\CodeIgniter.php(499): CodeIgniter\CodeIgniter->runController(Object(App\Controllers\UserController))
 8 SYSTEMPATH\CodeIgniter.php(368): CodeIgniter\CodeIgniter->handleRequest(null, Object(Config\Cache), false)
 9 FCPATH\index.php(67): CodeIgniter\CodeIgniter->run()
10 SYSTEMPATH\Commands\Server\rewrite.php(47): require_once('C:\\laragon\\www\\sobarang\\public\\index.php')
CRITICAL - 2023-07-12 12:22:01 --> Trying to access array offset on value of type null
in APPPATH\Views\user\edit.php on line 25.
 1 APPPATH\Views\user\edit.php(25): CodeIgniter\Debug\Exceptions->errorHandler(2, 'Trying to access array offset on value of type null', 'C:\\laragon\\www\\sobarang\\app\\Views\\user\\edit.php', 25)
 2 SYSTEMPATH\View\View.php(213): include('C:\\laragon\\www\\sobarang\\app\\Views\\user\\edit.php')
 3 SYSTEMPATH\View\View.php(216): CodeIgniter\View\View->CodeIgniter\View\{closure}()
 4 SYSTEMPATH\Common.php(1184): CodeIgniter\View\View->render('user/edit', [], true)
 5 APPPATH\Controllers\UserController.php(60): view('user/edit', [...])
 6 SYSTEMPATH\CodeIgniter.php(934): App\Controllers\UserController->edit('assets', 'libs', 'choices.js', 'public', 'assets', 'scripts', 'choices.min.js')
 7 SYSTEMPATH\CodeIgniter.php(499): CodeIgniter\CodeIgniter->runController(Object(App\Controllers\UserController))
 8 SYSTEMPATH\CodeIgniter.php(368): CodeIgniter\CodeIgniter->handleRequest(null, Object(Config\Cache), false)
 9 FCPATH\index.php(67): CodeIgniter\CodeIgniter->run()
10 SYSTEMPATH\Commands\Server\rewrite.php(47): require_once('C:\\laragon\\www\\sobarang\\public\\index.php')
CRITICAL - 2023-07-12 12:22:01 --> Trying to access array offset on value of type null
in APPPATH\Views\user\edit.php on line 25.
 1 APPPATH\Views\user\edit.php(25): CodeIgniter\Debug\Exceptions->errorHandler(2, 'Trying to access array offset on value of type null', 'C:\\laragon\\www\\sobarang\\app\\Views\\user\\edit.php', 25)
 2 SYSTEMPATH\View\View.php(213): include('C:\\laragon\\www\\sobarang\\app\\Views\\user\\edit.php')
 3 SYSTEMPATH\View\View.php(216): CodeIgniter\View\View->CodeIgniter\View\{closure}()
 4 SYSTEMPATH\Common.php(1184): CodeIgniter\View\View->render('user/edit', [], true)
 5 APPPATH\Controllers\UserController.php(60): view('user/edit', [...])
 6 SYSTEMPATH\CodeIgniter.php(934): App\Controllers\UserController->edit('assets', 'libs', 'flatpickr', 'flatpickr.min.js')
 7 SYSTEMPATH\CodeIgniter.php(499): CodeIgniter\CodeIgniter->runController(Object(App\Controllers\UserController))
 8 SYSTEMPATH\CodeIgniter.php(368): CodeIgniter\CodeIgniter->handleRequest(null, Object(Config\Cache), false)
 9 FCPATH\index.php(67): CodeIgniter\CodeIgniter->run()
10 SYSTEMPATH\Commands\Server\rewrite.php(47): require_once('C:\\laragon\\www\\sobarang\\public\\index.php')
CRITICAL - 2023-07-12 12:22:02 --> Trying to access array offset on value of type null
in APPPATH\Views\user\edit.php on line 25.
 1 APPPATH\Views\user\edit.php(25): CodeIgniter\Debug\Exceptions->errorHandler(2, 'Trying to access array offset on value of type null', 'C:\\laragon\\www\\sobarang\\app\\Views\\user\\edit.php', 25)
 2 SYSTEMPATH\View\View.php(213): include('C:\\laragon\\www\\sobarang\\app\\Views\\user\\edit.php')
 3 SYSTEMPATH\View\View.php(216): CodeIgniter\View\View->CodeIgniter\View\{closure}()
 4 SYSTEMPATH\Common.php(1184): CodeIgniter\View\View->render('user/edit', [], true)
 5 APPPATH\Controllers\UserController.php(60): view('user/edit', [...])
 6 SYSTEMPATH\CodeIgniter.php(934): App\Controllers\UserController->edit('assets', 'images', 'sidebar', 'img-2.jpg')
 7 SYSTEMPATH\CodeIgniter.php(499): CodeIgniter\CodeIgniter->runController(Object(App\Controllers\UserController))
 8 SYSTEMPATH\CodeIgniter.php(368): CodeIgniter\CodeIgniter->handleRequest(null, Object(Config\Cache), false)
 9 FCPATH\index.php(67): CodeIgniter\CodeIgniter->run()
10 SYSTEMPATH\Commands\Server\rewrite.php(47): require_once('C:\\laragon\\www\\sobarang\\public\\index.php')
CRITICAL - 2023-07-12 12:22:02 --> Trying to access array offset on value of type null
in APPPATH\Views\user\edit.php on line 25.
 1 APPPATH\Views\user\edit.php(25): CodeIgniter\Debug\Exceptions->errorHandler(2, 'Trying to access array offset on value of type null', 'C:\\laragon\\www\\sobarang\\app\\Views\\user\\edit.php', 25)
 2 SYSTEMPATH\View\View.php(213): include('C:\\laragon\\www\\sobarang\\app\\Views\\user\\edit.php')
 3 SYSTEMPATH\View\View.php(216): CodeIgniter\View\View->CodeIgniter\View\{closure}()
 4 SYSTEMPATH\Common.php(1184): CodeIgniter\View\View->render('user/edit', [], true)
 5 APPPATH\Controllers\UserController.php(60): view('user/edit', [...])
 6 SYSTEMPATH\CodeIgniter.php(934): App\Controllers\UserController->edit('assets', 'images', 'sidebar', 'img-3.jpg')
 7 SYSTEMPATH\CodeIgniter.php(499): CodeIgniter\CodeIgniter->runController(Object(App\Controllers\UserController))
 8 SYSTEMPATH\CodeIgniter.php(368): CodeIgniter\CodeIgniter->handleRequest(null, Object(Config\Cache), false)
 9 FCPATH\index.php(67): CodeIgniter\CodeIgniter->run()
10 SYSTEMPATH\Commands\Server\rewrite.php(47): require_once('C:\\laragon\\www\\sobarang\\public\\index.php')
CRITICAL - 2023-07-12 12:22:02 --> Trying to access array offset on value of type null
in APPPATH\Views\user\edit.php on line 25.
 1 APPPATH\Views\user\edit.php(25): CodeIgniter\Debug\Exceptions->errorHandler(2, 'Trying to access array offset on value of type null', 'C:\\laragon\\www\\sobarang\\app\\Views\\user\\edit.php', 25)
 2 SYSTEMPATH\View\View.php(213): include('C:\\laragon\\www\\sobarang\\app\\Views\\user\\edit.php')
 3 SYSTEMPATH\View\View.php(216): CodeIgniter\View\View->CodeIgniter\View\{closure}()
 4 SYSTEMPATH\Common.php(1184): CodeIgniter\View\View->render('user/edit', [], true)
 5 APPPATH\Controllers\UserController.php(60): view('user/edit', [...])
 6 SYSTEMPATH\CodeIgniter.php(934): App\Controllers\UserController->edit('assets', 'images', 'sidebar', 'img-4.jpg')
 7 SYSTEMPATH\CodeIgniter.php(499): CodeIgniter\CodeIgniter->runController(Object(App\Controllers\UserController))
 8 SYSTEMPATH\CodeIgniter.php(368): CodeIgniter\CodeIgniter->handleRequest(null, Object(Config\Cache), false)
 9 FCPATH\index.php(67): CodeIgniter\CodeIgniter->run()
10 SYSTEMPATH\Commands\Server\rewrite.php(47): require_once('C:\\laragon\\www\\sobarang\\public\\index.php')
INFO - 2023-07-12 12:22:12 --> Session: Class initialized using 'CodeIgniter\Session\Handlers\FileHandler' driver.
CRITICAL - 2023-07-12 12:22:13 --> Trying to access array offset on value of type null
in APPPATH\Views\user\edit.php on line 25.
 1 APPPATH\Views\user\edit.php(25): CodeIgniter\Debug\Exceptions->errorHandler(2, 'Trying to access array offset on value of type null', 'C:\\laragon\\www\\sobarang\\app\\Views\\user\\edit.php', 25)
 2 SYSTEMPATH\View\View.php(213): include('C:\\laragon\\www\\sobarang\\app\\Views\\user\\edit.php')
 3 SYSTEMPATH\View\View.php(216): CodeIgniter\View\View->CodeIgniter\View\{closure}()
 4 SYSTEMPATH\Common.php(1184): CodeIgniter\View\View->render('user/edit', [], true)
 5 APPPATH\Controllers\UserController.php(60): view('user/edit', [...])
 6 SYSTEMPATH\CodeIgniter.php(934): App\Controllers\UserController->edit('assets', 'images', 'sidebar', 'img-1.jpg')
 7 SYSTEMPATH\CodeIgniter.php(499): CodeIgniter\CodeIgniter->runController(Object(App\Controllers\UserController))
 8 SYSTEMPATH\CodeIgniter.php(368): CodeIgniter\CodeIgniter->handleRequest(null, Object(Config\Cache), false)
 9 FCPATH\index.php(67): CodeIgniter\CodeIgniter->run()
10 SYSTEMPATH\Commands\Server\rewrite.php(47): require_once('C:\\laragon\\www\\sobarang\\public\\index.php')
CRITICAL - 2023-07-12 12:22:14 --> Trying to access array offset on value of type null
in APPPATH\Views\user\edit.php on line 25.
 1 APPPATH\Views\user\edit.php(25): CodeIgniter\Debug\Exceptions->errorHandler(2, 'Trying to access array offset on value of type null', 'C:\\laragon\\www\\sobarang\\app\\Views\\user\\edit.php', 25)
 2 SYSTEMPATH\View\View.php(213): include('C:\\laragon\\www\\sobarang\\app\\Views\\user\\edit.php')
 3 SYSTEMPATH\View\View.php(216): CodeIgniter\View\View->CodeIgniter\View\{closure}()
 4 SYSTEMPATH\Common.php(1184): CodeIgniter\View\View->render('user/edit', [], true)
 5 APPPATH\Controllers\UserController.php(60): view('user/edit', [...])
 6 SYSTEMPATH\CodeIgniter.php(934): App\Controllers\UserController->edit('assets', 'images', 'sidebar', 'img-2.jpg')
 7 SYSTEMPATH\CodeIgniter.php(499): CodeIgniter\CodeIgniter->runController(Object(App\Controllers\UserController))
 8 SYSTEMPATH\CodeIgniter.php(368): CodeIgniter\CodeIgniter->handleRequest(null, Object(Config\Cache), false)
 9 FCPATH\index.php(67): CodeIgniter\CodeIgniter->run()
10 SYSTEMPATH\Commands\Server\rewrite.php(47): require_once('C:\\laragon\\www\\sobarang\\public\\index.php')
CRITICAL - 2023-07-12 12:22:14 --> Trying to access array offset on value of type null
in APPPATH\Views\user\edit.php on line 25.
 1 APPPATH\Views\user\edit.php(25): CodeIgniter\Debug\Exceptions->errorHandler(2, 'Trying to access array offset on value of type null', 'C:\\laragon\\www\\sobarang\\app\\Views\\user\\edit.php', 25)
 2 SYSTEMPATH\View\View.php(213): include('C:\\laragon\\www\\sobarang\\app\\Views\\user\\edit.php')
 3 SYSTEMPATH\View\View.php(216): CodeIgniter\View\View->CodeIgniter\View\{closure}()
 4 SYSTEMPATH\Common.php(1184): CodeIgniter\View\View->render('user/edit', [], true)
 5 APPPATH\Controllers\UserController.php(60): view('user/edit', [...])
 6 SYSTEMPATH\CodeIgniter.php(934): App\Controllers\UserController->edit('assets', 'images', 'sidebar', 'img-3.jpg')
 7 SYSTEMPATH\CodeIgniter.php(499): CodeIgniter\CodeIgniter->runController(Object(App\Controllers\UserController))
 8 SYSTEMPATH\CodeIgniter.php(368): CodeIgniter\CodeIgniter->handleRequest(null, Object(Config\Cache), false)
 9 FCPATH\index.php(67): CodeIgniter\CodeIgniter->run()
10 SYSTEMPATH\Commands\Server\rewrite.php(47): require_once('C:\\laragon\\www\\sobarang\\public\\index.php')
CRITICAL - 2023-07-12 12:22:15 --> Trying to access array offset on value of type null
in APPPATH\Views\user\edit.php on line 25.
 1 APPPATH\Views\user\edit.php(25): CodeIgniter\Debug\Exceptions->errorHandler(2, 'Trying to access array offset on value of type null', 'C:\\laragon\\www\\sobarang\\app\\Views\\user\\edit.php', 25)
 2 SYSTEMPATH\View\View.php(213): include('C:\\laragon\\www\\sobarang\\app\\Views\\user\\edit.php')
 3 SYSTEMPATH\View\View.php(216): CodeIgniter\View\View->CodeIgniter\View\{closure}()
 4 SYSTEMPATH\Common.php(1184): CodeIgniter\View\View->render('user/edit', [], true)
 5 APPPATH\Controllers\UserController.php(60): view('user/edit', [...])
 6 SYSTEMPATH\CodeIgniter.php(934): App\Controllers\UserController->edit('assets', 'libs', 'choices.js', 'public', 'assets', 'scripts', 'choices.min.js')
 7 SYSTEMPATH\CodeIgniter.php(499): CodeIgniter\CodeIgniter->runController(Object(App\Controllers\UserController))
 8 SYSTEMPATH\CodeIgniter.php(368): CodeIgniter\CodeIgniter->handleRequest(null, Object(Config\Cache), false)
 9 FCPATH\index.php(67): CodeIgniter\CodeIgniter->run()
10 SYSTEMPATH\Commands\Server\rewrite.php(47): require_once('C:\\laragon\\www\\sobarang\\public\\index.php')
CRITICAL - 2023-07-12 12:22:15 --> Trying to access array offset on value of type null
in APPPATH\Views\user\edit.php on line 25.
 1 APPPATH\Views\user\edit.php(25): CodeIgniter\Debug\Exceptions->errorHandler(2, 'Trying to access array offset on value of type null', 'C:\\laragon\\www\\sobarang\\app\\Views\\user\\edit.php', 25)
 2 SYSTEMPATH\View\View.php(213): include('C:\\laragon\\www\\sobarang\\app\\Views\\user\\edit.php')
 3 SYSTEMPATH\View\View.php(216): CodeIgniter\View\View->CodeIgniter\View\{closure}()
 4 SYSTEMPATH\Common.php(1184): CodeIgniter\View\View->render('user/edit', [], true)
 5 APPPATH\Controllers\UserController.php(60): view('user/edit', [...])
 6 SYSTEMPATH\CodeIgniter.php(934): App\Controllers\UserController->edit('assets', 'libs', 'flatpickr', 'flatpickr.min.js')
 7 SYSTEMPATH\CodeIgniter.php(499): CodeIgniter\CodeIgniter->runController(Object(App\Controllers\UserController))
 8 SYSTEMPATH\CodeIgniter.php(368): CodeIgniter\CodeIgniter->handleRequest(null, Object(Config\Cache), false)
 9 FCPATH\index.php(67): CodeIgniter\CodeIgniter->run()
10 SYSTEMPATH\Commands\Server\rewrite.php(47): require_once('C:\\laragon\\www\\sobarang\\public\\index.php')
CRITICAL - 2023-07-12 12:22:15 --> Trying to access array offset on value of type null
in APPPATH\Views\user\edit.php on line 25.
 1 APPPATH\Views\user\edit.php(25): CodeIgniter\Debug\Exceptions->errorHandler(2, 'Trying to access array offset on value of type null', 'C:\\laragon\\www\\sobarang\\app\\Views\\user\\edit.php', 25)
 2 SYSTEMPATH\View\View.php(213): include('C:\\laragon\\www\\sobarang\\app\\Views\\user\\edit.php')
 3 SYSTEMPATH\View\View.php(216): CodeIgniter\View\View->CodeIgniter\View\{closure}()
 4 SYSTEMPATH\Common.php(1184): CodeIgniter\View\View->render('user/edit', [], true)
 5 APPPATH\Controllers\UserController.php(60): view('user/edit', [...])
 6 SYSTEMPATH\CodeIgniter.php(934): App\Controllers\UserController->edit('assets', 'images', 'sidebar', 'img-4.jpg')
 7 SYSTEMPATH\CodeIgniter.php(499): CodeIgniter\CodeIgniter->runController(Object(App\Controllers\UserController))
 8 SYSTEMPATH\CodeIgniter.php(368): CodeIgniter\CodeIgniter->handleRequest(null, Object(Config\Cache), false)
 9 FCPATH\index.php(67): CodeIgniter\CodeIgniter->run()
10 SYSTEMPATH\Commands\Server\rewrite.php(47): require_once('C:\\laragon\\www\\sobarang\\public\\index.php')
INFO - 2023-07-12 12:22:22 --> Session: Class initialized using 'CodeIgniter\Session\Handlers\FileHandler' driver.
INFO - 2023-07-12 12:22:22 --> Session: Class initialized using 'CodeIgniter\Session\Handlers\FileHandler' driver.
INFO - 2023-07-12 12:23:01 --> Session: Class initialized using 'CodeIgniter\Session\Handlers\FileHandler' driver.
INFO - 2023-07-12 12:24:36 --> Session: Class initialized using 'CodeIgniter\Session\Handlers\FileHandler' driver.
INFO - 2023-07-12 12:24:40 --> Session: Class initialized using 'CodeIgniter\Session\Handlers\FileHandler' driver.
INFO - 2023-07-12 12:24:40 --> Session: Class initialized using 'CodeIgniter\Session\Handlers\FileHandler' driver.
INFO - 2023-07-12 12:24:48 --> Session: Class initialized using 'CodeIgniter\Session\Handlers\FileHandler' driver.
INFO - 2023-07-12 12:24:48 --> Session: Class initialized using 'CodeIgniter\Session\Handlers\FileHandler' driver.
INFO - 2023-07-12 12:25:31 --> Session: Class initialized using 'CodeIgniter\Session\Handlers\FileHandler' driver.
INFO - 2023-07-12 12:27:34 --> Session: Class initialized using 'CodeIgniter\Session\Handlers\FileHandler' driver.
INFO - 2023-07-12 12:27:54 --> Session: Class initialized using 'CodeIgniter\Session\Handlers\FileHandler' driver.
INFO - 2023-07-12 12:28:00 --> Session: Class initialized using 'CodeIgniter\Session\Handlers\FileHandler' driver.
INFO - 2023-07-12 12:28:55 --> Session: Class initialized using 'CodeIgniter\Session\Handlers\FileHandler' driver.
INFO - 2023-07-12 12:29:00 --> Session: Class initialized using 'CodeIgniter\Session\Handlers\FileHandler' driver.
INFO - 2023-07-12 12:29:46 --> Session: Class initialized using 'CodeIgniter\Session\Handlers\FileHandler' driver.
