ERROR - 2023-07-08 06:13:06 --> Error connecting to the database: mysqli_sql_exception: Access denied for user ''@'localhost' (using password: YES) in C:\laragon\www\sinotaris\system\Database\MySQLi\Connection.php:174
Stack trace:
#0 C:\laragon\www\sinotaris\system\Database\MySQLi\Connection.php(174): mysqli->real_connect('localhost', '', '', '', 3306, '', 0)
#1 C:\laragon\www\sinotaris\system\Database\BaseConnection.php(391): CodeIgniter\Database\MySQLi\Connection->connect(false)
#2 C:\laragon\www\sinotaris\system\Database\BaseConnection.php(574): CodeIgniter\Database\BaseConnection->initialize()
#3 C:\laragon\www\sinotaris\system\Database\BaseBuilder.php(1616): CodeIgniter\Database\BaseConnection->query('SELECT *\nFROM `...', Array, false)
#4 C:\laragon\www\sinotaris\system\Model.php(241): CodeIgniter\Database\BaseBuilder->get()
#5 C:\laragon\www\sinotaris\system\BaseModel.php(618): CodeIgniter\Model->doFindAll(0, 0)
#6 C:\laragon\www\sinotaris\app\Controllers\c_user.php(28): CodeIgniter\BaseModel->findAll()
#7 C:\laragon\www\sinotaris\system\CodeIgniter.php(934): App\Controllers\c_user->create()
#8 C:\laragon\www\sinotaris\system\CodeIgniter.php(499): CodeIgniter\CodeIgniter->runController(Object(App\Controllers\c_user))
#9 C:\laragon\www\sinotaris\system\CodeIgniter.php(368): CodeIgniter\CodeIgniter->handleRequest(NULL, Object(Config\Cache), false)
#10 C:\laragon\www\sinotaris\public\index.php(67): CodeIgniter\CodeIgniter->run()
#11 C:\laragon\www\sinotaris\system\Commands\Server\rewrite.php(47): require_once('C:\\laragon\\www\\...')
#12 {main}

Next CodeIgniter\Database\Exceptions\DatabaseException: Access denied for user ''@'localhost' (using password: YES) in C:\laragon\www\sinotaris\system\Database\MySQLi\Connection.php:218
Stack trace:
#0 C:\laragon\www\sinotaris\system\Database\BaseConnection.php(391): CodeIgniter\Database\MySQLi\Connection->connect(false)
#1 C:\laragon\www\sinotaris\system\Database\BaseConnection.php(574): CodeIgniter\Database\BaseConnection->initialize()
#2 C:\laragon\www\sinotaris\system\Database\BaseBuilder.php(1616): CodeIgniter\Database\BaseConnection->query('SELECT *\nFROM `...', Array, false)
#3 C:\laragon\www\sinotaris\system\Model.php(241): CodeIgniter\Database\BaseBuilder->get()
#4 C:\laragon\www\sinotaris\system\BaseModel.php(618): CodeIgniter\Model->doFindAll(0, 0)
#5 C:\laragon\www\sinotaris\app\Controllers\c_user.php(28): CodeIgniter\BaseModel->findAll()
#6 C:\laragon\www\sinotaris\system\CodeIgniter.php(934): App\Controllers\c_user->create()
#7 C:\laragon\www\sinotaris\system\CodeIgniter.php(499): CodeIgniter\CodeIgniter->runController(Object(App\Controllers\c_user))
#8 C:\laragon\www\sinotaris\system\CodeIgniter.php(368): CodeIgniter\CodeIgniter->handleRequest(NULL, Object(Config\Cache), false)
#9 C:\laragon\www\sinotaris\public\index.php(67): CodeIgniter\CodeIgniter->run()
#10 C:\laragon\www\sinotaris\system\Commands\Server\rewrite.php(47): require_once('C:\\laragon\\www\\...')
#11 {main}
CRITICAL - 2023-07-08 06:13:06 --> Unable to connect to the database.
Main connection [MySQLi]: Access denied for user ''@'localhost' (using password: YES)
in SYSTEMPATH\Database\BaseConnection.php on line 427.
 1 SYSTEMPATH\Database\BaseConnection.php(574): CodeIgniter\Database\BaseConnection->initialize()
 2 SYSTEMPATH\Database\BaseBuilder.php(1616): CodeIgniter\Database\BaseConnection->query('SELECT *
FROM `m_role`', [], false)
 3 SYSTEMPATH\Model.php(241): CodeIgniter\Database\BaseBuilder->get()
 4 SYSTEMPATH\BaseModel.php(618): CodeIgniter\Model->doFindAll(0, 0)
 5 APPPATH\Controllers\c_user.php(28): CodeIgniter\BaseModel->findAll()
 6 SYSTEMPATH\CodeIgniter.php(934): App\Controllers\c_user->create()
 7 SYSTEMPATH\CodeIgniter.php(499): CodeIgniter\CodeIgniter->runController(Object(App\Controllers\c_user))
 8 SYSTEMPATH\CodeIgniter.php(368): CodeIgniter\CodeIgniter->handleRequest(null, Object(Config\Cache), false)
 9 FCPATH\index.php(67): CodeIgniter\CodeIgniter->run()
10 SYSTEMPATH\Commands\Server\rewrite.php(47): require_once('C:\\laragon\\www\\sinotaris\\public\\index.php')
ERROR - 2023-07-08 06:14:38 --> Error connecting to the database: mysqli_sql_exception: Access denied for user ''@'localhost' (using password: YES) in C:\laragon\www\sinotaris\system\Database\MySQLi\Connection.php:174
Stack trace:
#0 C:\laragon\www\sinotaris\system\Database\MySQLi\Connection.php(174): mysqli->real_connect('localhost', '', '', '', 3306, '', 0)
#1 C:\laragon\www\sinotaris\system\Database\BaseConnection.php(391): CodeIgniter\Database\MySQLi\Connection->connect(false)
#2 C:\laragon\www\sinotaris\system\Database\BaseConnection.php(574): CodeIgniter\Database\BaseConnection->initialize()
#3 C:\laragon\www\sinotaris\system\Database\BaseBuilder.php(1616): CodeIgniter\Database\BaseConnection->query('SELECT *\nFROM `...', Array, false)
#4 C:\laragon\www\sinotaris\system\Model.php(241): CodeIgniter\Database\BaseBuilder->get()
#5 C:\laragon\www\sinotaris\system\BaseModel.php(618): CodeIgniter\Model->doFindAll(0, 0)
#6 C:\laragon\www\sinotaris\app\Controllers\c_user.php(28): CodeIgniter\BaseModel->findAll()
#7 C:\laragon\www\sinotaris\system\CodeIgniter.php(934): App\Controllers\c_user->create()
#8 C:\laragon\www\sinotaris\system\CodeIgniter.php(499): CodeIgniter\CodeIgniter->runController(Object(App\Controllers\c_user))
#9 C:\laragon\www\sinotaris\system\CodeIgniter.php(368): CodeIgniter\CodeIgniter->handleRequest(NULL, Object(Config\Cache), false)
#10 C:\laragon\www\sinotaris\public\index.php(67): CodeIgniter\CodeIgniter->run()
#11 C:\laragon\www\sinotaris\system\Commands\Server\rewrite.php(47): require_once('C:\\laragon\\www\\...')
#12 {main}

Next CodeIgniter\Database\Exceptions\DatabaseException: Access denied for user ''@'localhost' (using password: YES) in C:\laragon\www\sinotaris\system\Database\MySQLi\Connection.php:218
Stack trace:
#0 C:\laragon\www\sinotaris\system\Database\BaseConnection.php(391): CodeIgniter\Database\MySQLi\Connection->connect(false)
#1 C:\laragon\www\sinotaris\system\Database\BaseConnection.php(574): CodeIgniter\Database\BaseConnection->initialize()
#2 C:\laragon\www\sinotaris\system\Database\BaseBuilder.php(1616): CodeIgniter\Database\BaseConnection->query('SELECT *\nFROM `...', Array, false)
#3 C:\laragon\www\sinotaris\system\Model.php(241): CodeIgniter\Database\BaseBuilder->get()
#4 C:\laragon\www\sinotaris\system\BaseModel.php(618): CodeIgniter\Model->doFindAll(0, 0)
#5 C:\laragon\www\sinotaris\app\Controllers\c_user.php(28): CodeIgniter\BaseModel->findAll()
#6 C:\laragon\www\sinotaris\system\CodeIgniter.php(934): App\Controllers\c_user->create()
#7 C:\laragon\www\sinotaris\system\CodeIgniter.php(499): CodeIgniter\CodeIgniter->runController(Object(App\Controllers\c_user))
#8 C:\laragon\www\sinotaris\system\CodeIgniter.php(368): CodeIgniter\CodeIgniter->handleRequest(NULL, Object(Config\Cache), false)
#9 C:\laragon\www\sinotaris\public\index.php(67): CodeIgniter\CodeIgniter->run()
#10 C:\laragon\www\sinotaris\system\Commands\Server\rewrite.php(47): require_once('C:\\laragon\\www\\...')
#11 {main}
CRITICAL - 2023-07-08 06:14:38 --> Unable to connect to the database.
Main connection [MySQLi]: Access denied for user ''@'localhost' (using password: YES)
in SYSTEMPATH\Database\BaseConnection.php on line 427.
 1 SYSTEMPATH\Database\BaseConnection.php(574): CodeIgniter\Database\BaseConnection->initialize()
 2 SYSTEMPATH\Database\BaseBuilder.php(1616): CodeIgniter\Database\BaseConnection->query('SELECT *
FROM `m_role`', [], false)
 3 SYSTEMPATH\Model.php(241): CodeIgniter\Database\BaseBuilder->get()
 4 SYSTEMPATH\BaseModel.php(618): CodeIgniter\Model->doFindAll(0, 0)
 5 APPPATH\Controllers\c_user.php(28): CodeIgniter\BaseModel->findAll()
 6 SYSTEMPATH\CodeIgniter.php(934): App\Controllers\c_user->create()
 7 SYSTEMPATH\CodeIgniter.php(499): CodeIgniter\CodeIgniter->runController(Object(App\Controllers\c_user))
 8 SYSTEMPATH\CodeIgniter.php(368): CodeIgniter\CodeIgniter->handleRequest(null, Object(Config\Cache), false)
 9 FCPATH\index.php(67): CodeIgniter\CodeIgniter->run()
10 SYSTEMPATH\Commands\Server\rewrite.php(47): require_once('C:\\laragon\\www\\sinotaris\\public\\index.php')
ERROR - 2023-07-08 06:14:56 --> Error connecting to the database: mysqli_sql_exception: Access denied for user ''@'localhost' (using password: YES) in C:\laragon\www\sinotaris\system\Database\MySQLi\Connection.php:174
Stack trace:
#0 C:\laragon\www\sinotaris\system\Database\MySQLi\Connection.php(174): mysqli->real_connect('localhost', '', '', '', 3306, '', 0)
#1 C:\laragon\www\sinotaris\system\Database\BaseConnection.php(391): CodeIgniter\Database\MySQLi\Connection->connect(false)
#2 C:\laragon\www\sinotaris\system\Database\BaseConnection.php(574): CodeIgniter\Database\BaseConnection->initialize()
#3 C:\laragon\www\sinotaris\system\Database\BaseBuilder.php(1616): CodeIgniter\Database\BaseConnection->query('SELECT *\nFROM `...', Array, false)
#4 C:\laragon\www\sinotaris\system\Model.php(241): CodeIgniter\Database\BaseBuilder->get()
#5 C:\laragon\www\sinotaris\system\BaseModel.php(618): CodeIgniter\Model->doFindAll(0, 0)
#6 C:\laragon\www\sinotaris\app\Controllers\c_user.php(28): CodeIgniter\BaseModel->findAll()
#7 C:\laragon\www\sinotaris\system\CodeIgniter.php(934): App\Controllers\c_user->create()
#8 C:\laragon\www\sinotaris\system\CodeIgniter.php(499): CodeIgniter\CodeIgniter->runController(Object(App\Controllers\c_user))
#9 C:\laragon\www\sinotaris\system\CodeIgniter.php(368): CodeIgniter\CodeIgniter->handleRequest(NULL, Object(Config\Cache), false)
#10 C:\laragon\www\sinotaris\public\index.php(67): CodeIgniter\CodeIgniter->run()
#11 C:\laragon\www\sinotaris\system\Commands\Server\rewrite.php(47): require_once('C:\\laragon\\www\\...')
#12 {main}

Next CodeIgniter\Database\Exceptions\DatabaseException: Access denied for user ''@'localhost' (using password: YES) in C:\laragon\www\sinotaris\system\Database\MySQLi\Connection.php:218
Stack trace:
#0 C:\laragon\www\sinotaris\system\Database\BaseConnection.php(391): CodeIgniter\Database\MySQLi\Connection->connect(false)
#1 C:\laragon\www\sinotaris\system\Database\BaseConnection.php(574): CodeIgniter\Database\BaseConnection->initialize()
#2 C:\laragon\www\sinotaris\system\Database\BaseBuilder.php(1616): CodeIgniter\Database\BaseConnection->query('SELECT *\nFROM `...', Array, false)
#3 C:\laragon\www\sinotaris\system\Model.php(241): CodeIgniter\Database\BaseBuilder->get()
#4 C:\laragon\www\sinotaris\system\BaseModel.php(618): CodeIgniter\Model->doFindAll(0, 0)
#5 C:\laragon\www\sinotaris\app\Controllers\c_user.php(28): CodeIgniter\BaseModel->findAll()
#6 C:\laragon\www\sinotaris\system\CodeIgniter.php(934): App\Controllers\c_user->create()
#7 C:\laragon\www\sinotaris\system\CodeIgniter.php(499): CodeIgniter\CodeIgniter->runController(Object(App\Controllers\c_user))
#8 C:\laragon\www\sinotaris\system\CodeIgniter.php(368): CodeIgniter\CodeIgniter->handleRequest(NULL, Object(Config\Cache), false)
#9 C:\laragon\www\sinotaris\public\index.php(67): CodeIgniter\CodeIgniter->run()
#10 C:\laragon\www\sinotaris\system\Commands\Server\rewrite.php(47): require_once('C:\\laragon\\www\\...')
#11 {main}
CRITICAL - 2023-07-08 06:14:56 --> Unable to connect to the database.
Main connection [MySQLi]: Access denied for user ''@'localhost' (using password: YES)
in SYSTEMPATH\Database\BaseConnection.php on line 427.
 1 SYSTEMPATH\Database\BaseConnection.php(574): CodeIgniter\Database\BaseConnection->initialize()
 2 SYSTEMPATH\Database\BaseBuilder.php(1616): CodeIgniter\Database\BaseConnection->query('SELECT *
FROM `m_role`', [], false)
 3 SYSTEMPATH\Model.php(241): CodeIgniter\Database\BaseBuilder->get()
 4 SYSTEMPATH\BaseModel.php(618): CodeIgniter\Model->doFindAll(0, 0)
 5 APPPATH\Controllers\c_user.php(28): CodeIgniter\BaseModel->findAll()
 6 SYSTEMPATH\CodeIgniter.php(934): App\Controllers\c_user->create()
 7 SYSTEMPATH\CodeIgniter.php(499): CodeIgniter\CodeIgniter->runController(Object(App\Controllers\c_user))
 8 SYSTEMPATH\CodeIgniter.php(368): CodeIgniter\CodeIgniter->handleRequest(null, Object(Config\Cache), false)
 9 FCPATH\index.php(67): CodeIgniter\CodeIgniter->run()
10 SYSTEMPATH\Commands\Server\rewrite.php(47): require_once('C:\\laragon\\www\\sinotaris\\public\\index.php')
ERROR - 2023-07-08 06:15:44 --> mysqli_sql_exception: Table 'sinotaris.m_role' doesn't exist in C:\laragon\www\sinotaris\system\Database\MySQLi\Connection.php:295
Stack trace:
#0 C:\laragon\www\sinotaris\system\Database\MySQLi\Connection.php(295): mysqli->query('SELECT *\nFROM `...', 0)
#1 C:\laragon\www\sinotaris\system\Database\BaseConnection.php(692): CodeIgniter\Database\MySQLi\Connection->execute('SELECT *\nFROM `...')
#2 C:\laragon\www\sinotaris\system\Database\BaseConnection.php(606): CodeIgniter\Database\BaseConnection->simpleQuery('SELECT *\nFROM `...')
#3 C:\laragon\www\sinotaris\system\Database\BaseBuilder.php(1616): CodeIgniter\Database\BaseConnection->query('SELECT *\nFROM `...', Array, false)
#4 C:\laragon\www\sinotaris\system\Model.php(241): CodeIgniter\Database\BaseBuilder->get()
#5 C:\laragon\www\sinotaris\system\BaseModel.php(618): CodeIgniter\Model->doFindAll(0, 0)
#6 C:\laragon\www\sinotaris\app\Controllers\c_user.php(28): CodeIgniter\BaseModel->findAll()
#7 C:\laragon\www\sinotaris\system\CodeIgniter.php(934): App\Controllers\c_user->create()
#8 C:\laragon\www\sinotaris\system\CodeIgniter.php(499): CodeIgniter\CodeIgniter->runController(Object(App\Controllers\c_user))
#9 C:\laragon\www\sinotaris\system\CodeIgniter.php(368): CodeIgniter\CodeIgniter->handleRequest(NULL, Object(Config\Cache), false)
#10 C:\laragon\www\sinotaris\public\index.php(67): CodeIgniter\CodeIgniter->run()
#11 C:\laragon\www\sinotaris\system\Commands\Server\rewrite.php(47): require_once('C:\\laragon\\www\\...')
#12 {main}
CRITICAL - 2023-07-08 06:15:44 --> Table 'sinotaris.m_role' doesn't exist
in SYSTEMPATH\Database\MySQLi\Connection.php on line 295.
 1 SYSTEMPATH\Database\MySQLi\Connection.php(295): mysqli->query('SELECT *
FROM `m_role`', 0)
 2 SYSTEMPATH\Database\BaseConnection.php(692): CodeIgniter\Database\MySQLi\Connection->execute('SELECT *
FROM `m_role`')
 3 SYSTEMPATH\Database\BaseConnection.php(606): CodeIgniter\Database\BaseConnection->simpleQuery('SELECT *
FROM `m_role`')
 4 SYSTEMPATH\Database\BaseBuilder.php(1616): CodeIgniter\Database\BaseConnection->query('SELECT *
FROM `m_role`', [], false)
 5 SYSTEMPATH\Model.php(241): CodeIgniter\Database\BaseBuilder->get()
 6 SYSTEMPATH\BaseModel.php(618): CodeIgniter\Model->doFindAll(0, 0)
 7 APPPATH\Controllers\c_user.php(28): CodeIgniter\BaseModel->findAll()
 8 SYSTEMPATH\CodeIgniter.php(934): App\Controllers\c_user->create()
 9 SYSTEMPATH\CodeIgniter.php(499): CodeIgniter\CodeIgniter->runController(Object(App\Controllers\c_user))
10 SYSTEMPATH\CodeIgniter.php(368): CodeIgniter\CodeIgniter->handleRequest(null, Object(Config\Cache), false)
11 FCPATH\index.php(67): CodeIgniter\CodeIgniter->run()
12 SYSTEMPATH\Commands\Server\rewrite.php(47): require_once('C:\\laragon\\www\\sinotaris\\public\\index.php')
CRITICAL - 2023-07-08 06:16:03 --> Undefined variable $role
in APPPATH\Views\user\create.php on line 52.
 1 APPPATH\Views\user\create.php(52): CodeIgniter\Debug\Exceptions->errorHandler(2, 'Undefined variable $role', 'C:\\laragon\\www\\sinotaris\\app\\Views\\user\\create.php', 52)
 2 SYSTEMPATH\View\View.php(213): include('C:\\laragon\\www\\sinotaris\\app\\Views\\user\\create.php')
 3 SYSTEMPATH\View\View.php(216): CodeIgniter\View\View->CodeIgniter\View\{closure}()
 4 SYSTEMPATH\Common.php(1184): CodeIgniter\View\View->render('user/create', [], true)
 5 APPPATH\Controllers\c_user.php(30): view('user/create', [...])
 6 SYSTEMPATH\CodeIgniter.php(934): App\Controllers\c_user->create()
 7 SYSTEMPATH\CodeIgniter.php(499): CodeIgniter\CodeIgniter->runController(Object(App\Controllers\c_user))
 8 SYSTEMPATH\CodeIgniter.php(368): CodeIgniter\CodeIgniter->handleRequest(null, Object(Config\Cache), false)
 9 FCPATH\index.php(67): CodeIgniter\CodeIgniter->run()
10 SYSTEMPATH\Commands\Server\rewrite.php(47): require_once('C:\\laragon\\www\\sinotaris\\public\\index.php')
INFO - 2023-07-08 06:30:20 --> Session: Class initialized using 'CodeIgniter\Session\Handlers\FileHandler' driver.
INFO - 2023-07-08 06:30:21 --> Session: Class initialized using 'CodeIgniter\Session\Handlers\FileHandler' driver.
INFO - 2023-07-08 06:30:25 --> Session: Class initialized using 'CodeIgniter\Session\Handlers\FileHandler' driver.
CRITICAL - 2023-07-08 06:35:25 --> Call to undefined method App\Models\m_user::getFullData
in SYSTEMPATH\Model.php on line 842.
 1 APPPATH\Controllers\c_user.php(21): CodeIgniter\Model->__call('getFullData', [])
 2 SYSTEMPATH\CodeIgniter.php(934): App\Controllers\c_user->index()
 3 SYSTEMPATH\CodeIgniter.php(499): CodeIgniter\CodeIgniter->runController(Object(App\Controllers\c_user))
 4 SYSTEMPATH\CodeIgniter.php(368): CodeIgniter\CodeIgniter->handleRequest(null, Object(Config\Cache), false)
 5 FCPATH\index.php(67): CodeIgniter\CodeIgniter->run()
 6 SYSTEMPATH\Commands\Server\rewrite.php(47): require_once('C:\\laragon\\www\\sinotaris\\public\\index.php')
INFO - 2023-07-08 06:36:50 --> Session: Class initialized using 'CodeIgniter\Session\Handlers\FileHandler' driver.
INFO - 2023-07-08 06:39:15 --> Session: Class initialized using 'CodeIgniter\Session\Handlers\FileHandler' driver.
CRITICAL - 2023-07-08 06:39:22 --> Trying to access array offset on value of type null
in APPPATH\Views\user\edit.php on line 38.
 1 APPPATH\Views\user\edit.php(38): CodeIgniter\Debug\Exceptions->errorHandler(2, 'Trying to access array offset on value of type null', 'C:\\laragon\\www\\sinotaris\\app\\Views\\user\\edit.php', 38)
 2 SYSTEMPATH\View\View.php(213): include('C:\\laragon\\www\\sinotaris\\app\\Views\\user\\edit.php')
 3 SYSTEMPATH\View\View.php(216): CodeIgniter\View\View->CodeIgniter\View\{closure}()
 4 SYSTEMPATH\Common.php(1184): CodeIgniter\View\View->render('user/edit', [], true)
 5 APPPATH\Controllers\c_user.php(60): view('user/edit', [...])
 6 SYSTEMPATH\CodeIgniter.php(934): App\Controllers\c_user->edit('edit', '1')
 7 SYSTEMPATH\CodeIgniter.php(499): CodeIgniter\CodeIgniter->runController(Object(App\Controllers\c_user))
 8 SYSTEMPATH\CodeIgniter.php(368): CodeIgniter\CodeIgniter->handleRequest(null, Object(Config\Cache), false)
 9 FCPATH\index.php(67): CodeIgniter\CodeIgniter->run()
10 SYSTEMPATH\Commands\Server\rewrite.php(47): require_once('C:\\laragon\\www\\sinotaris\\public\\index.php')
INFO - 2023-07-08 06:44:33 --> Session: Class initialized using 'CodeIgniter\Session\Handlers\FileHandler' driver.
INFO - 2023-07-08 06:44:33 --> Session: Class initialized using 'CodeIgniter\Session\Handlers\FileHandler' driver.
INFO - 2023-07-08 06:46:07 --> Session: Class initialized using 'CodeIgniter\Session\Handlers\FileHandler' driver.
INFO - 2023-07-08 06:46:44 --> Session: Class initialized using 'CodeIgniter\Session\Handlers\FileHandler' driver.
INFO - 2023-07-08 06:46:44 --> Session: Class initialized using 'CodeIgniter\Session\Handlers\FileHandler' driver.
INFO - 2023-07-08 07:10:06 --> Session: Class initialized using 'CodeIgniter\Session\Handlers\FileHandler' driver.
INFO - 2023-07-08 07:11:57 --> Session: Class initialized using 'CodeIgniter\Session\Handlers\FileHandler' driver.
INFO - 2023-07-08 07:12:12 --> Session: Class initialized using 'CodeIgniter\Session\Handlers\FileHandler' driver.
INFO - 2023-07-08 07:12:12 --> Session: Class initialized using 'CodeIgniter\Session\Handlers\FileHandler' driver.
INFO - 2023-07-08 07:14:29 --> Session: Class initialized using 'CodeIgniter\Session\Handlers\FileHandler' driver.
INFO - 2023-07-08 07:14:29 --> Session: Class initialized using 'CodeIgniter\Session\Handlers\FileHandler' driver.
INFO - 2023-07-08 07:15:03 --> Session: Class initialized using 'CodeIgniter\Session\Handlers\FileHandler' driver.
INFO - 2023-07-08 07:15:37 --> Session: Class initialized using 'CodeIgniter\Session\Handlers\FileHandler' driver.
INFO - 2023-07-08 07:15:58 --> Session: Class initialized using 'CodeIgniter\Session\Handlers\FileHandler' driver.
INFO - 2023-07-08 07:16:04 --> Session: Class initialized using 'CodeIgniter\Session\Handlers\FileHandler' driver.
INFO - 2023-07-08 07:16:05 --> Session: Class initialized using 'CodeIgniter\Session\Handlers\FileHandler' driver.
INFO - 2023-07-08 07:16:18 --> Session: Class initialized using 'CodeIgniter\Session\Handlers\FileHandler' driver.
INFO - 2023-07-08 07:16:25 --> Session: Class initialized using 'CodeIgniter\Session\Handlers\FileHandler' driver.
INFO - 2023-07-08 07:16:25 --> Session: Class initialized using 'CodeIgniter\Session\Handlers\FileHandler' driver.
INFO - 2023-07-08 07:16:40 --> Session: Class initialized using 'CodeIgniter\Session\Handlers\FileHandler' driver.
INFO - 2023-07-08 07:16:48 --> Session: Class initialized using 'CodeIgniter\Session\Handlers\FileHandler' driver.
INFO - 2023-07-08 07:18:46 --> Session: Class initialized using 'CodeIgniter\Session\Handlers\FileHandler' driver.
INFO - 2023-07-08 07:19:12 --> Session: Class initialized using 'CodeIgniter\Session\Handlers\FileHandler' driver.
INFO - 2023-07-08 07:19:16 --> Session: Class initialized using 'CodeIgniter\Session\Handlers\FileHandler' driver.
INFO - 2023-07-08 07:19:17 --> Session: Class initialized using 'CodeIgniter\Session\Handlers\FileHandler' driver.
INFO - 2023-07-08 07:19:22 --> Session: Class initialized using 'CodeIgniter\Session\Handlers\FileHandler' driver.
INFO - 2023-07-08 07:19:22 --> Session: Class initialized using 'CodeIgniter\Session\Handlers\FileHandler' driver.
INFO - 2023-07-08 07:25:40 --> Session: Class initialized using 'CodeIgniter\Session\Handlers\FileHandler' driver.
INFO - 2023-07-08 07:25:47 --> Session: Class initialized using 'CodeIgniter\Session\Handlers\FileHandler' driver.
ERROR - 2023-07-08 07:44:00 --> mysqli_sql_exception: Table 'tbl_role' already exists in C:\laragon\www\sinotaris\system\Database\MySQLi\Connection.php:295
Stack trace:
#0 C:\laragon\www\sinotaris\system\Database\MySQLi\Connection.php(295): mysqli->query('CREATE TABLE `t...', 0)
#1 C:\laragon\www\sinotaris\system\Database\BaseConnection.php(692): CodeIgniter\Database\MySQLi\Connection->execute('CREATE TABLE `t...')
#2 C:\laragon\www\sinotaris\system\Database\BaseConnection.php(606): CodeIgniter\Database\BaseConnection->simpleQuery('CREATE TABLE `t...')
#3 C:\laragon\www\sinotaris\system\Database\Forge.php(546): CodeIgniter\Database\BaseConnection->query('CREATE TABLE `t...')
#4 C:\laragon\www\sinotaris\app\Database\Migrations\2023-07-08-073759_AddUsers.php(33): CodeIgniter\Database\Forge->createTable('tbl_role')
#5 C:\laragon\www\sinotaris\system\Database\MigrationRunner.php(877): App\Database\Migrations\AddUsers->up()
#6 C:\laragon\www\sinotaris\system\Database\MigrationRunner.php(188): CodeIgniter\Database\MigrationRunner->migrate('up', Object(stdClass))
#7 C:\laragon\www\sinotaris\system\Commands\Database\Migrate.php(84): CodeIgniter\Database\MigrationRunner->latest(NULL)
#8 C:\laragon\www\sinotaris\system\CLI\Commands.php(65): CodeIgniter\Commands\Database\Migrate->run(Array)
#9 C:\laragon\www\sinotaris\system\CLI\Console.php(37): CodeIgniter\CLI\Commands->run('migrate', Array)
#10 C:\laragon\www\sinotaris\spark(97): CodeIgniter\CLI\Console->run()
#11 {main}
ERROR - 2023-07-08 07:44:37 --> mysqli_sql_exception: Referencing column 'role_id' and referenced column 'id_role' in foreign key constraint 'tbl_user_role_id_foreign' are incompatible. in C:\laragon\www\sinotaris\system\Database\MySQLi\Connection.php:295
Stack trace:
#0 C:\laragon\www\sinotaris\system\Database\MySQLi\Connection.php(295): mysqli->query('CREATE TABLE `t...', 0)
#1 C:\laragon\www\sinotaris\system\Database\BaseConnection.php(692): CodeIgniter\Database\MySQLi\Connection->execute('CREATE TABLE `t...')
#2 C:\laragon\www\sinotaris\system\Database\BaseConnection.php(606): CodeIgniter\Database\BaseConnection->simpleQuery('CREATE TABLE `t...')
#3 C:\laragon\www\sinotaris\system\Database\Forge.php(546): CodeIgniter\Database\BaseConnection->query('CREATE TABLE `t...')
#4 C:\laragon\www\sinotaris\app\Database\Migrations\2023-07-08-073759_AddUsers.php(33): CodeIgniter\Database\Forge->createTable('tbl_user')
#5 C:\laragon\www\sinotaris\system\Database\MigrationRunner.php(877): App\Database\Migrations\AddUsers->up()
#6 C:\laragon\www\sinotaris\system\Database\MigrationRunner.php(188): CodeIgniter\Database\MigrationRunner->migrate('up', Object(stdClass))
#7 C:\laragon\www\sinotaris\system\Commands\Database\Migrate.php(84): CodeIgniter\Database\MigrationRunner->latest(NULL)
#8 C:\laragon\www\sinotaris\system\CLI\Commands.php(65): CodeIgniter\Commands\Database\Migrate->run(Array)
#9 C:\laragon\www\sinotaris\system\CLI\Console.php(37): CodeIgniter\CLI\Commands->run('migrate', Array)
#10 C:\laragon\www\sinotaris\spark(97): CodeIgniter\CLI\Console->run()
#11 {main}
ERROR - 2023-07-08 07:46:56 --> mysqli_sql_exception: Referencing column 'role_id' and referenced column 'id_role' in foreign key constraint 'tbl_user_role_id_foreign' are incompatible. in C:\laragon\www\sinotaris\system\Database\MySQLi\Connection.php:295
Stack trace:
#0 C:\laragon\www\sinotaris\system\Database\MySQLi\Connection.php(295): mysqli->query('CREATE TABLE `t...', 0)
#1 C:\laragon\www\sinotaris\system\Database\BaseConnection.php(692): CodeIgniter\Database\MySQLi\Connection->execute('CREATE TABLE `t...')
#2 C:\laragon\www\sinotaris\system\Database\BaseConnection.php(606): CodeIgniter\Database\BaseConnection->simpleQuery('CREATE TABLE `t...')
#3 C:\laragon\www\sinotaris\system\Database\Forge.php(546): CodeIgniter\Database\BaseConnection->query('CREATE TABLE `t...')
#4 C:\laragon\www\sinotaris\app\Database\Migrations\2023-07-08-073759_AddUsers.php(33): CodeIgniter\Database\Forge->createTable('tbl_user')
#5 C:\laragon\www\sinotaris\system\Database\MigrationRunner.php(877): App\Database\Migrations\AddUsers->up()
#6 C:\laragon\www\sinotaris\system\Database\MigrationRunner.php(188): CodeIgniter\Database\MigrationRunner->migrate('up', Object(stdClass))
#7 C:\laragon\www\sinotaris\system\Commands\Database\Migrate.php(84): CodeIgniter\Database\MigrationRunner->latest(NULL)
#8 C:\laragon\www\sinotaris\system\CLI\Commands.php(65): CodeIgniter\Commands\Database\Migrate->run(Array)
#9 C:\laragon\www\sinotaris\system\CLI\Console.php(37): CodeIgniter\CLI\Commands->run('migrate', Array)
#10 C:\laragon\www\sinotaris\spark(97): CodeIgniter\CLI\Console->run()
#11 {main}
ERROR - 2023-07-08 08:01:38 --> mysqli_sql_exception: You have an error in your SQL syntax; check the manual that corresponds to your MySQL server version for the right syntax to use near '0, 1, 2) VALUES (:0:, :1:, :2:)' at line 1 in C:\laragon\www\sinotaris\system\Database\MySQLi\Connection.php:295
Stack trace:
#0 C:\laragon\www\sinotaris\system\Database\MySQLi\Connection.php(295): mysqli->query('INSERT INTO `tb...', 0)
#1 C:\laragon\www\sinotaris\system\Database\BaseConnection.php(692): CodeIgniter\Database\MySQLi\Connection->execute('INSERT INTO `tb...')
#2 C:\laragon\www\sinotaris\system\Database\BaseConnection.php(606): CodeIgniter\Database\BaseConnection->simpleQuery('INSERT INTO `tb...')
#3 C:\laragon\www\sinotaris\system\Database\BaseBuilder.php(2309): CodeIgniter\Database\BaseConnection->query('INSERT INTO `tb...', Array, false)
#4 C:\laragon\www\sinotaris\app\Database\Seeds\RoleSeeder.php(22): CodeIgniter\Database\BaseBuilder->insert(Array)
#5 C:\laragon\www\sinotaris\system\Database\Seeder.php(146): App\Database\Seeds\RoleSeeder->run()
#6 C:\laragon\www\sinotaris\system\Commands\Database\Seed.php(77): CodeIgniter\Database\Seeder->call('App\\Database\\Se...')
#7 C:\laragon\www\sinotaris\system\CLI\Commands.php(65): CodeIgniter\Commands\Database\Seed->run(Array)
#8 C:\laragon\www\sinotaris\system\CLI\Console.php(37): CodeIgniter\CLI\Commands->run('db:seed', Array)
#9 C:\laragon\www\sinotaris\spark(97): CodeIgniter\CLI\Console->run()
#10 {main}
INFO - 2023-07-08 08:14:06 --> Session: Class initialized using 'CodeIgniter\Session\Handlers\FileHandler' driver.
INFO - 2023-07-08 08:14:09 --> Session: Class initialized using 'CodeIgniter\Session\Handlers\FileHandler' driver.
INFO - 2023-07-08 08:14:10 --> Session: Class initialized using 'CodeIgniter\Session\Handlers\FileHandler' driver.
INFO - 2023-07-08 08:14:33 --> Session: Class initialized using 'CodeIgniter\Session\Handlers\FileHandler' driver.
INFO - 2023-07-08 08:14:41 --> Session: Class initialized using 'CodeIgniter\Session\Handlers\FileHandler' driver.
INFO - 2023-07-08 08:14:41 --> Session: Class initialized using 'CodeIgniter\Session\Handlers\FileHandler' driver.
INFO - 2023-07-08 08:14:46 --> Session: Class initialized using 'CodeIgniter\Session\Handlers\FileHandler' driver.
ERROR - 2023-07-08 08:28:15 --> mysqli_sql_exception: You have an error in your SQL syntax; check the manual that corresponds to your MySQL server version for the right syntax to use near 'EMAIL(255) NOT NULL,
	`alamat` TEXT NOT NULL,
	`luas_tanah` INT(255) NOT NULL,
	' at line 4 in C:\laragon\www\sinotaris\system\Database\MySQLi\Connection.php:295
Stack trace:
#0 C:\laragon\www\sinotaris\system\Database\MySQLi\Connection.php(295): mysqli->query('CREATE TABLE `t...', 0)
#1 C:\laragon\www\sinotaris\system\Database\BaseConnection.php(692): CodeIgniter\Database\MySQLi\Connection->execute('CREATE TABLE `t...')
#2 C:\laragon\www\sinotaris\system\Database\BaseConnection.php(606): CodeIgniter\Database\BaseConnection->simpleQuery('CREATE TABLE `t...')
#3 C:\laragon\www\sinotaris\system\Database\Forge.php(546): CodeIgniter\Database\BaseConnection->query('CREATE TABLE `t...')
#4 C:\laragon\www\sinotaris\app\Database\Migrations\2023-07-08-081526_AddPengajuan.php(64): CodeIgniter\Database\Forge->createTable('tbl_pengajuan')
#5 C:\laragon\www\sinotaris\system\Database\MigrationRunner.php(877): App\Database\Migrations\AddPengajuan->up()
#6 C:\laragon\www\sinotaris\system\Database\MigrationRunner.php(188): CodeIgniter\Database\MigrationRunner->migrate('up', Object(stdClass))
#7 C:\laragon\www\sinotaris\system\Commands\Database\Migrate.php(84): CodeIgniter\Database\MigrationRunner->latest(NULL)
#8 C:\laragon\www\sinotaris\system\CLI\Commands.php(65): CodeIgniter\Commands\Database\Migrate->run(Array)
#9 C:\laragon\www\sinotaris\system\CLI\Console.php(37): CodeIgniter\CLI\Commands->run('migrate', Array)
#10 C:\laragon\www\sinotaris\spark(97): CodeIgniter\CLI\Console->run()
#11 {main}
ERROR - 2023-07-08 08:29:20 --> mysqli_sql_exception: You have an error in your SQL syntax; check the manual that corresponds to your MySQL server version for the right syntax to use near 'EMAIL(255) NOT NULL,
	`alamat` TEXT NULL,
	`luas_tanah` INT(11) NOT NULL,
	`sppt' at line 4 in C:\laragon\www\sinotaris\system\Database\MySQLi\Connection.php:295
Stack trace:
#0 C:\laragon\www\sinotaris\system\Database\MySQLi\Connection.php(295): mysqli->query('CREATE TABLE `t...', 0)
#1 C:\laragon\www\sinotaris\system\Database\BaseConnection.php(692): CodeIgniter\Database\MySQLi\Connection->execute('CREATE TABLE `t...')
#2 C:\laragon\www\sinotaris\system\Database\BaseConnection.php(606): CodeIgniter\Database\BaseConnection->simpleQuery('CREATE TABLE `t...')
#3 C:\laragon\www\sinotaris\system\Database\Forge.php(546): CodeIgniter\Database\BaseConnection->query('CREATE TABLE `t...')
#4 C:\laragon\www\sinotaris\app\Database\Migrations\2023-07-08-081526_AddPengajuan.php(65): CodeIgniter\Database\Forge->createTable('tbl_pengajuan')
#5 C:\laragon\www\sinotaris\system\Database\MigrationRunner.php(877): App\Database\Migrations\AddPengajuan->up()
#6 C:\laragon\www\sinotaris\system\Database\MigrationRunner.php(188): CodeIgniter\Database\MigrationRunner->migrate('up', Object(stdClass))
#7 C:\laragon\www\sinotaris\system\Commands\Database\Migrate.php(84): CodeIgniter\Database\MigrationRunner->latest(NULL)
#8 C:\laragon\www\sinotaris\system\CLI\Commands.php(65): CodeIgniter\Commands\Database\Migrate->run(Array)
#9 C:\laragon\www\sinotaris\system\CLI\Console.php(37): CodeIgniter\CLI\Commands->run('migrate', Array)
#10 C:\laragon\www\sinotaris\spark(97): CodeIgniter\CLI\Console->run()
#11 {main}
