CRITICAL - 2023-07-05 13:26:11 --> Invalid file: "layout/header.php"
in SYSTEMPATH\Exceptions\FrameworkException.php on line 33.
 1 SYSTEMPATH\View\View.php(201): CodeIgniter\Exceptions\FrameworkException::forInvalidFile('layout/header.php')
 2 SYSTEMPATH\View\View.php(431): CodeIgniter\View\View->render('layout/header', null, true)
 3 APPPATH\Views\main.php(40): CodeIgniter\View\View->include('layout/header')
 4 SYSTEMPATH\View\View.php(213): include('C:\\laragon\\www\\sinotaris\\app\\Views\\main.php')
 5 SYSTEMPATH\View\View.php(216): CodeIgniter\View\View->CodeIgniter\View\{closure}()
 6 SYSTEMPATH\Common.php(1184): CodeIgniter\View\View->render('main', [], true)
 7 APPPATH\Controllers\c_dashboard.php(9): view('main')
 8 SYSTEMPATH\CodeIgniter.php(934): App\Controllers\c_dashboard->index()
 9 SYSTEMPATH\CodeIgniter.php(499): CodeIgniter\CodeIgniter->runController(Object(App\Controllers\c_dashboard))
10 SYSTEMPATH\CodeIgniter.php(368): CodeIgniter\CodeIgniter->handleRequest(null, Object(Config\Cache), false)
11 FCPATH\index.php(67): CodeIgniter\CodeIgniter->run()
12 SYSTEMPATH\Commands\Server\rewrite.php(47): require_once('C:\\laragon\\www\\sinotaris\\public\\index.php')
CRITICAL - 2023-07-05 13:26:25 --> Invalid file: "layout/header.php"
in SYSTEMPATH\Exceptions\FrameworkException.php on line 33.
 1 SYSTEMPATH\View\View.php(201): CodeIgniter\Exceptions\FrameworkException::forInvalidFile('layout/header.php')
 2 SYSTEMPATH\View\View.php(431): CodeIgniter\View\View->render('layout/header', null, true)
 3 APPPATH\Views\main.php(40): CodeIgniter\View\View->include('layout/header')
 4 SYSTEMPATH\View\View.php(213): include('C:\\laragon\\www\\sinotaris\\app\\Views\\main.php')
 5 SYSTEMPATH\View\View.php(216): CodeIgniter\View\View->CodeIgniter\View\{closure}()
 6 SYSTEMPATH\Common.php(1184): CodeIgniter\View\View->render('main', [], true)
 7 APPPATH\Controllers\c_dashboard.php(9): view('main')
 8 SYSTEMPATH\CodeIgniter.php(934): App\Controllers\c_dashboard->index()
 9 SYSTEMPATH\CodeIgniter.php(499): CodeIgniter\CodeIgniter->runController(Object(App\Controllers\c_dashboard))
10 SYSTEMPATH\CodeIgniter.php(368): CodeIgniter\CodeIgniter->handleRequest(null, Object(Config\Cache), false)
11 FCPATH\index.php(67): CodeIgniter\CodeIgniter->run()
12 SYSTEMPATH\Commands\Server\rewrite.php(47): require_once('C:\\laragon\\www\\sinotaris\\public\\index.php')
CRITICAL - 2023-07-05 13:30:02 --> Call to undefined method CodeIgniter\View\View::extends()
in APPPATH\Views\dashboard\view_dashboard.php on line 1.
 1 SYSTEMPATH\View\View.php(213): include()
 2 SYSTEMPATH\View\View.php(216): CodeIgniter\View\View->CodeIgniter\View\{closure}()
 3 SYSTEMPATH\Common.php(1184): CodeIgniter\View\View->render('dashboard/view_dashboard', [], true)
 4 APPPATH\Controllers\c_dashboard.php(9): view('dashboard/view_dashboard')
 5 SYSTEMPATH\CodeIgniter.php(934): App\Controllers\c_dashboard->index()
 6 SYSTEMPATH\CodeIgniter.php(499): CodeIgniter\CodeIgniter->runController(Object(App\Controllers\c_dashboard))
 7 SYSTEMPATH\CodeIgniter.php(368): CodeIgniter\CodeIgniter->handleRequest(null, Object(Config\Cache), false)
 8 FCPATH\index.php(67): CodeIgniter\CodeIgniter->run()
 9 SYSTEMPATH\Commands\Server\rewrite.php(47): require_once('C:\\laragon\\www\\sinotaris\\public\\index.php')
